[2025-09-29T09:05:09+00:00] auth.INFO: [token clair] Une erreur technique est survenue. Merci de réessayer plus tard. {"token":"nR1TtE1ZsYoZt5ykXoB54inJConBuFgjmTFaG-L2p2s"} 
[2025-09-29T09:05:09+00:00] auth.ERROR: [auth.technical_error] Une erreur technique est survenue. Merci de réessayer plus tard. {"exception":"TEST_SMTP_DOWN","email":"mhl193230@gmail.com"} 
[2025-09-29T09:05:09+00:00] auth.ERROR: [auth.technical_error] Une erreur technique est survenue. Merci de réessayer plus tard. {"email":"mhl193230@gmail.com"} 
[2025-09-29T09:14:50+00:00] auth.INFO: [token clair] Une erreur technique est survenue. Merci de réessayer plus tard. {"token":"RhV-T27Ohu81iwNA-mjl_Tf_8cNEYYu80SwAoxXz7NM"} 
[2025-09-29T09:14:50+00:00] auth.ERROR: [auth.confirmation.send_failed] Impossible d’envoyer l’email de confirmation. Réessayez ci-dessous. {"user_id":169,"email":"mhl193230@gmail.com","exception":"TEST_SMTP_DOWN"} 
[2025-09-29T09:14:50+00:00] auth.ERROR: [auth.confirmation.send_failed] Impossible d’envoyer l’email de confirmation. Réessayez ci-dessous. {"email":"mhl193230@gmail.com"} 
[2025-09-29T13:25:44+00:00] auth.INFO: [token clair] Une erreur technique est survenue. Merci de réessayer plus tard. {"token":"nhr6nHKZuMh2UGpsXmCvsB-PBEaMCpv4Uspi8T1rn7g"} 
[2025-09-29T13:25:46+00:00] auth.ERROR: [auth.confirmation.send_failed] Impossible d’envoyer l’email de confirmation. Réessayez ci-dessous. {"user_id":169,"email":"mhl193230@gmail.com","reason":"mailer_returned_false"} 
[2025-09-29T13:25:46+00:00] auth.ERROR: [auth.confirmation.send_failed] Impossible d’envoyer l’email de confirmation. Réessayez ci-dessous. {"email":"mhl193230@gmail.com"} 
[2025-09-29T13:27:13+00:00] auth.INFO: [token clair] Une erreur technique est survenue. Merci de réessayer plus tard. {"token":"aJAbuCDlgFs9PPhcry_Z0bj-zk-FeXd9LztsIWouaSs"} 
[2025-09-29T13:27:14+00:00] auth.INFO: [auth.resend.email_sent] Si un compte existe pour cette adresse, un nouveau lien d’activation vient d’être envoyé. {"user_id":169,"email":"mhl193230@gmail.com"} 
[2025-09-29T13:27:14+00:00] auth.INFO: [auth.resend.email_sent] Si un compte existe pour cette adresse, un nouveau lien d’activation vient d’être envoyé. {"email":"mhl193230@gmail.com"} 
[2025-09-29T13:29:13+00:00] auth.WARNING: [auth.confirmation.invalid_token] Le lien de confirmation est invalide ou a expiré. Veuillez demander un nouvel envoi. {"reason":"not_found"} 
[2025-09-29T13:29:13+00:00] auth.WARNING: [auth.confirmation.invalid_token] Le lien de confirmation est invalide ou a expiré. Veuillez demander un nouvel envoi. {"reason":"not_found"} 
[2025-09-29T13:29:26+00:00] auth.WARNING: [auth.confirmation.invalid_token] Le lien de confirmation est invalide ou a expiré. Veuillez demander un nouvel envoi. {"reason":"not_found"} 
[2025-09-29T13:29:26+00:00] auth.WARNING: [auth.confirmation.invalid_token] Le lien de confirmation est invalide ou a expiré. Veuillez demander un nouvel envoi. {"reason":"not_found"} 
[2025-09-29T13:32:58+00:00] auth.INFO: [token clair] Une erreur technique est survenue. Merci de réessayer plus tard. {"token":"gtCTBHJaY0qcA0AQvjXr0XYGjHzaCKvyn0_xrNNpdxE"} 
[2025-09-29T13:32:59+00:00] auth.INFO: [auth.confirmation.email_sent] Un email de confirmation vous a été envoyé pour activer votre compte. {"email":"mhl193230@gmail.com","username":"bouboul3W"} 
[2025-09-29T13:33:38+00:00] auth.INFO: [auth.confirmation.success] Votre compte a été activé avec succès. Vous pouvez maintenant vous connecter. {"user_id":170} 
[2025-09-29T13:33:38+00:00] auth.INFO: [auth.confirmation.success] Votre compte a été activé avec succès. Vous pouvez maintenant vous connecter.  
[2025-09-29T13:35:18+00:00] auth.INFO: [auth.confirmation.already_confirmed] Votre compte est déjà activé. Vous pouvez vous connecter. {"user_id":170,"email":"mhl193230@gmail.com"} 
[2025-09-29T13:35:18+00:00] auth.INFO: [auth.confirmation.already_confirmed] Votre compte est déjà activé. Vous pouvez vous connecter.  
[2025-09-29T13:36:13+00:00] auth.INFO: [auth.confirmation.already_confirmed] Votre compte est déjà activé. Vous pouvez vous connecter. {"user_id":170,"email":"mhl193230@gmail.com"} 
[2025-09-29T13:36:13+00:00] auth.INFO: [auth.confirmation.already_confirmed] Votre compte est déjà activé. Vous pouvez vous connecter.  
[2025-09-29T13:37:04+00:00] auth.INFO: [token clair] Une erreur technique est survenue. Merci de réessayer plus tard. {"token":"Cb2vu7ShV_tSIjFckrs_R7LagKb5D_WrssgSZkpwUcA"} 
[2025-09-29T13:37:05+00:00] auth.INFO: [auth.resend.email_sent] Si un compte existe pour cette adresse, un nouveau lien d’activation vient d’être envoyé. {"user_id":170,"email":"mhl193230@gmail.com"} 
[2025-09-29T13:37:05+00:00] auth.INFO: [auth.resend.email_sent] Si un compte existe pour cette adresse, un nouveau lien d’activation vient d’être envoyé. {"email":"mhl193230@gmail.com"} 
[2025-09-29T13:37:50+00:00] auth.INFO: [auth.confirmation.success] Votre compte a été activé avec succès. Vous pouvez maintenant vous connecter. {"user_id":170} 
[2025-09-29T13:37:50+00:00] auth.INFO: [auth.confirmation.success] Votre compte a été activé avec succès. Vous pouvez maintenant vous connecter.  
[2025-09-29T13:47:35+00:00] auth.INFO: [token clair] Une erreur technique est survenue. Merci de réessayer plus tard. {"token":"BTFqxgzs3aCe2FYV5oaiD7bMjkPedikdd_l8Zkfi9tE"} 
[2025-09-29T13:47:36+00:00] auth.INFO: [auth.resend.email_sent] Si un compte existe pour cette adresse, un nouveau lien d’activation vient d’être envoyé. {"user_id":170,"email":"mhl193230@gmail.com"} 
[2025-09-29T13:47:36+00:00] auth.INFO: [auth.resend.email_sent] Si un compte existe pour cette adresse, un nouveau lien d’activation vient d’être envoyé. {"email":"mhl193230@gmail.com"} 
[2025-09-29T14:00:04+00:00] auth.INFO: [auth.resend.email_sent] Si un compte existe pour cette adresse, un nouveau lien d’activation vient d’être envoyé. {"email":"mh030400pn@gmail.com","reason":"user_not_found"} 
[2025-09-29T14:00:04+00:00] auth.INFO: [auth.resend.email_sent] Si un compte existe pour cette adresse, un nouveau lien d’activation vient d’être envoyé. {"email":"mh030400pn@gmail.com"} 
