[2025-10-01T15:01:39+00:00] auth.INFO: [auth.confirmation.success] Votre compte a été activé avec succès. Vous pouvez maintenant vous connecter. {"user_id":123} 
[2025-10-01T15:01:39+00:00] auth.WARNING: [auth.confirmation.invalid_token] Le lien de confirmation est invalide ou a expiré. Veuillez demander un nouvel envoi. {"reason":"not_found"} 
[2025-10-01T15:01:39+00:00] auth.INFO: [auth.confirmation.already_confirmed] Votre compte est déjà activé. Vous pouvez vous connecter. {"user_id":1,"reason":"status_active"} 
[2025-10-01T15:01:39+00:00] auth.WARNING: [auth.confirmation.invalid_token] Le lien de confirmation est invalide ou a expiré. Veuillez demander un nouvel envoi. {"reason":"expired_and_used_inconsistent_state","user_id":1} 
[2025-10-01T15:01:39+00:00] auth.WARNING: [auth.confirmation.invalid_token] Le lien de confirmation est invalide ou a expiré. Veuillez demander un nouvel envoi. {"reason":"expired_before_activation","user_id":1} 
[2025-10-01T15:01:39+00:00] auth.WARNING: [auth.confirmation.token_used] Ce lien a déjà été utilisé. Votre compte est probablement déjà confirmé. Vous pouvez maintenant vous connecter. {"user_id":1,"reason":"token_used_user_still_inactive"} 
[2025-10-01T15:01:39+00:00] auth.ERROR: [auth.technical_error] Une erreur technique est survenue. Merci de réessayer plus tard. {"reason":"activate_failed_sql_guard","user_id":1} 
[2025-10-01T15:01:39+00:00] auth.INFO: [auth.resend.email_sent] Si un compte existe pour cette adresse, un nouveau lien d’activation vient d’être envoyé. {"email":"ghost@example.com","reason":"user_not_found"} 
[2025-10-01T15:01:39+00:00] auth.INFO: [auth.confirmation.already_confirmed] Votre compte est déjà activé. Vous pouvez vous connecter. {"user_id":111,"email":"zoe@example.com"} 
[2025-10-01T15:01:39+00:00] auth.INFO: [token clair] Une erreur technique est survenue. Merci de réessayer plus tard. {"token":"wFmKWMamf8Lv3BL6A-T_6v4FUifUxjNlsiQGYXRmscc"} 
[2025-10-01T15:01:39+00:00] auth.ERROR: [auth.technical_error] Une erreur technique est survenue. Merci de réessayer plus tard. {"user_id":333,"reason":"set_confirmation_token_failed"} 
[2025-10-01T15:01:39+00:00] auth.INFO: [token clair] Une erreur technique est survenue. Merci de réessayer plus tard. {"token":"wxyRpem1jQ5n-xTRjPVcjvhK-_9rvAo5DF0-ynIZEnE"} 
[2025-10-01T15:01:39+00:00] auth.ERROR: [auth.confirmation.send_failed] Impossible d’envoyer l’email de confirmation. Réessayez ci-dessous. {"user_id":444,"email":"neo@example.com","exception":"Email infra down"} 
[2025-10-01T15:01:39+00:00] auth.INFO: [token clair] Une erreur technique est survenue. Merci de réessayer plus tard. {"token":"ghDIgBe6RU0qCNGdvdWguIeJsOVnrGtCLiTeVhZO-7s"} 
[2025-10-01T15:01:39+00:00] auth.ERROR: [auth.confirmation.send_failed] Impossible d’envoyer l’email de confirmation. Réessayez ci-dessous. {"user_id":555,"email":"uma@example.com","reason":"mailer_returned_false"} 
[2025-10-01T15:01:39+00:00] auth.INFO: [token clair] Une erreur technique est survenue. Merci de réessayer plus tard. {"token":"laIhSIMuY3GAR8SqhaUdaMLQdXpXXKTtTJoGCZc8yEI"} 
[2025-10-01T15:01:39+00:00] auth.INFO: [auth.resend.email_sent] Si un compte existe pour cette adresse, un nouveau lien d’activation vient d’être envoyé. {"user_id":777,"email":"tom@example.com"} 
[2025-10-01T15:07:54+00:00] auth.INFO: [token clair] Une erreur technique est survenue. Merci de réessayer plus tard. {"token":"eRBZr6xAJlWTKgqiIDqu62vyNf0cT9PmfT1Sc372dkU"} 
[2025-10-01T15:07:54+00:00] auth.INFO: [auth.registration.username_exists] Nom d'utilisateur déjà utilisé. {"username":"Bob"} 
[2025-10-01T15:07:54+00:00] auth.INFO: [auth.registration.email_exists] Cette adresse email est déjà associée à un compte. {"email":"bob@example.com"} 
[2025-10-01T15:07:54+00:00] auth.INFO: [token clair] Une erreur technique est survenue. Merci de réessayer plus tard. {"token":"ofTyedvmOf6e_5MTu2luh7AR8H-XLN22P5-guOvQr9s"} 
[2025-10-01T15:07:54+00:00] auth.WARNING: [auth.registration.failed] Une erreur est survenue lors de votre inscription. {"email":"carl@example.com","username":"Carl"} 
[2025-10-01T15:07:55+00:00] auth.INFO: [token clair] Une erreur technique est survenue. Merci de réessayer plus tard. {"token":"QGaRvYxGqxpMvGO5FiUXoh_0OaTrc7-G8nkwIl47t7M"} 
[2025-10-01T15:07:55+00:00] auth.ERROR: [auth.technical_error] Une erreur technique est survenue. Merci de réessayer plus tard. {"reason":"create_confirmation_token_failed","user_id":456} 
[2025-10-01T15:07:55+00:00] auth.INFO: [token clair] Une erreur technique est survenue. Merci de réessayer plus tard. {"token":"1gh8XIMbUXfzYYSH6x43zJuljekZdRnExrmCF4t9AsE"} 
[2025-10-01T15:07:55+00:00] auth.ERROR: [auth.confirmation.send_failed] Impossible d’envoyer l’email de confirmation. Réessayez ci-dessous. {"email":"eve@example.com","user_id":777,"exception":"SMTP down"} 
[2025-10-01T15:07:55+00:00] auth.INFO: [token clair] Une erreur technique est survenue. Merci de réessayer plus tard. {"token":"mv4yoocJlnVrpatC4s0vKmOiExyb93r7L4cFk85xiw4"} 
[2025-10-01T15:07:55+00:00] auth.ERROR: [auth.confirmation.send_failed] Impossible d’envoyer l’email de confirmation. Réessayez ci-dessous. {"email":"fox@example.com","user_id":888,"reason":"mailer_returned_false"} 
[2025-10-01T15:07:55+00:00] auth.INFO: [token clair] Une erreur technique est survenue. Merci de réessayer plus tard. {"token":"eBhaitTX4YpXVSuDc8JNTmDL2jn2xg1BO-7NM7qndhU"} 
[2025-10-01T15:07:55+00:00] auth.ERROR: [auth.technical_error] Une erreur technique est survenue. Merci de réessayer plus tard. {"reason":"transaction_exception","exception":"Duplicate entry for key uniq_email"} 
[2025-10-01T15:07:55+00:00] auth.INFO: [auth.confirmation.success] Votre compte a été activé avec succès. Vous pouvez maintenant vous connecter. {"user_id":123} 
[2025-10-01T15:07:55+00:00] auth.WARNING: [auth.confirmation.invalid_token] Le lien de confirmation est invalide ou a expiré. Veuillez demander un nouvel envoi. {"reason":"not_found"} 
[2025-10-01T15:07:55+00:00] auth.INFO: [auth.confirmation.already_confirmed] Votre compte est déjà activé. Vous pouvez vous connecter. {"user_id":1,"reason":"status_active"} 
[2025-10-01T15:07:55+00:00] auth.WARNING: [auth.confirmation.invalid_token] Le lien de confirmation est invalide ou a expiré. Veuillez demander un nouvel envoi. {"reason":"expired_and_used_inconsistent_state","user_id":1} 
[2025-10-01T15:07:55+00:00] auth.WARNING: [auth.confirmation.invalid_token] Le lien de confirmation est invalide ou a expiré. Veuillez demander un nouvel envoi. {"reason":"expired_before_activation","user_id":1} 
[2025-10-01T15:07:55+00:00] auth.WARNING: [auth.confirmation.token_used] Ce lien a déjà été utilisé. Votre compte est probablement déjà confirmé. Vous pouvez maintenant vous connecter. {"user_id":1,"reason":"token_used_user_still_inactive"} 
[2025-10-01T15:07:55+00:00] auth.ERROR: [auth.technical_error] Une erreur technique est survenue. Merci de réessayer plus tard. {"reason":"activate_failed_sql_guard","user_id":1} 
[2025-10-01T15:07:55+00:00] auth.INFO: [auth.resend.email_sent] Si un compte existe pour cette adresse, un nouveau lien d’activation vient d’être envoyé. {"email":"ghost@example.com","reason":"user_not_found"} 
[2025-10-01T15:07:55+00:00] auth.INFO: [auth.confirmation.already_confirmed] Votre compte est déjà activé. Vous pouvez vous connecter. {"user_id":111,"email":"zoe@example.com"} 
[2025-10-01T15:07:55+00:00] auth.INFO: [token clair] Une erreur technique est survenue. Merci de réessayer plus tard. {"token":"IN0abC_LP3gsrIYYjwTDI9RHWn3-mUscbmbEVRaaLDk"} 
[2025-10-01T15:07:55+00:00] auth.ERROR: [auth.technical_error] Une erreur technique est survenue. Merci de réessayer plus tard. {"user_id":333,"reason":"set_confirmation_token_failed"} 
[2025-10-01T15:07:55+00:00] auth.INFO: [token clair] Une erreur technique est survenue. Merci de réessayer plus tard. {"token":"khtcNteyWS9X2lVPmVzHiyCqIet6yuOzJCnW40MIfHU"} 
[2025-10-01T15:07:55+00:00] auth.ERROR: [auth.confirmation.send_failed] Impossible d’envoyer l’email de confirmation. Réessayez ci-dessous. {"user_id":444,"email":"neo@example.com","exception":"Email infra down"} 
[2025-10-01T15:07:55+00:00] auth.INFO: [token clair] Une erreur technique est survenue. Merci de réessayer plus tard. {"token":"G6ZXuyu4uBMANpe6VUuMYoxW4Qi2Rf1IWvI4Tl5se0w"} 
[2025-10-01T15:07:55+00:00] auth.ERROR: [auth.confirmation.send_failed] Impossible d’envoyer l’email de confirmation. Réessayez ci-dessous. {"user_id":555,"email":"uma@example.com","reason":"mailer_returned_false"} 
[2025-10-01T15:07:55+00:00] auth.INFO: [token clair] Une erreur technique est survenue. Merci de réessayer plus tard. {"token":"ZlrRrkBlUx_LFJiauyOO0wfYbHizSI95zT-KMgNy8Ck"} 
[2025-10-01T15:07:55+00:00] auth.INFO: [auth.resend.email_sent] Si un compte existe pour cette adresse, un nouveau lien d’activation vient d’être envoyé. {"user_id":777,"email":"tom@example.com"} 
[2025-10-01T15:09:01+00:00] auth.INFO: [token clair] Une erreur technique est survenue. Merci de réessayer plus tard. {"token":"f5BcZv0X5DE57MC6nmIDUtxPaX_myBqo1ctPqq0SSAc"} 
[2025-10-01T15:09:01+00:00] auth.INFO: [auth.registration.username_exists] Nom d'utilisateur déjà utilisé. {"username":"Bob"} 
[2025-10-01T15:09:01+00:00] auth.INFO: [auth.registration.email_exists] Cette adresse email est déjà associée à un compte. {"email":"bob@example.com"} 
[2025-10-01T15:09:01+00:00] auth.INFO: [token clair] Une erreur technique est survenue. Merci de réessayer plus tard. {"token":"4F-JVxfaRbA9SuHnWtHjdUVb1tDPxdrbWqZFz0jfFFQ"} 
[2025-10-01T15:09:01+00:00] auth.WARNING: [auth.registration.failed] Une erreur est survenue lors de votre inscription. {"email":"carl@example.com","username":"Carl"} 
[2025-10-01T15:09:01+00:00] auth.INFO: [token clair] Une erreur technique est survenue. Merci de réessayer plus tard. {"token":"CQLGdqEoZNDG-LZ_1aFPAGkCOTN23lrXkBKiEVgQOrs"} 
[2025-10-01T15:09:01+00:00] auth.ERROR: [auth.technical_error] Une erreur technique est survenue. Merci de réessayer plus tard. {"reason":"create_confirmation_token_failed","user_id":456} 
[2025-10-01T15:09:02+00:00] auth.INFO: [token clair] Une erreur technique est survenue. Merci de réessayer plus tard. {"token":"aqx0rHID2MCb1mh7rj-OvyMyzt1mRbdyht3ivENnERM"} 
[2025-10-01T15:09:02+00:00] auth.ERROR: [auth.confirmation.send_failed] Impossible d’envoyer l’email de confirmation. Réessayez ci-dessous. {"email":"eve@example.com","user_id":777,"exception":"SMTP down"} 
[2025-10-01T15:09:02+00:00] auth.INFO: [token clair] Une erreur technique est survenue. Merci de réessayer plus tard. {"token":"ExhH_w8DD8nm5IfHDHLnNyaSmfXAxvz-ugazsdluoHE"} 
[2025-10-01T15:09:02+00:00] auth.ERROR: [auth.confirmation.send_failed] Impossible d’envoyer l’email de confirmation. Réessayez ci-dessous. {"email":"fox@example.com","user_id":888,"reason":"mailer_returned_false"} 
[2025-10-01T15:09:02+00:00] auth.INFO: [token clair] Une erreur technique est survenue. Merci de réessayer plus tard. {"token":"cT5HEDlgxe5rUGrxpezNwq6s9Rnv6jmPaHyAPDykGJA"} 
[2025-10-01T15:09:02+00:00] auth.ERROR: [auth.technical_error] Une erreur technique est survenue. Merci de réessayer plus tard. {"reason":"transaction_exception","exception":"Duplicate entry for key uniq_email"} 
[2025-10-01T15:09:02+00:00] auth.INFO: [auth.confirmation.success] Votre compte a été activé avec succès. Vous pouvez maintenant vous connecter. {"user_id":123} 
[2025-10-01T15:09:02+00:00] auth.WARNING: [auth.confirmation.invalid_token] Le lien de confirmation est invalide ou a expiré. Veuillez demander un nouvel envoi. {"reason":"not_found"} 
[2025-10-01T15:09:02+00:00] auth.INFO: [auth.confirmation.already_confirmed] Votre compte est déjà activé. Vous pouvez vous connecter. {"user_id":1,"reason":"status_active"} 
[2025-10-01T15:09:02+00:00] auth.WARNING: [auth.confirmation.invalid_token] Le lien de confirmation est invalide ou a expiré. Veuillez demander un nouvel envoi. {"reason":"expired_and_used_inconsistent_state","user_id":1} 
[2025-10-01T15:09:02+00:00] auth.WARNING: [auth.confirmation.invalid_token] Le lien de confirmation est invalide ou a expiré. Veuillez demander un nouvel envoi. {"reason":"expired_before_activation","user_id":1} 
[2025-10-01T15:09:02+00:00] auth.WARNING: [auth.confirmation.token_used] Ce lien a déjà été utilisé. Votre compte est probablement déjà confirmé. Vous pouvez maintenant vous connecter. {"user_id":1,"reason":"token_used_user_still_inactive"} 
[2025-10-01T15:09:02+00:00] auth.ERROR: [auth.technical_error] Une erreur technique est survenue. Merci de réessayer plus tard. {"reason":"activate_failed_sql_guard","user_id":1} 
[2025-10-01T15:09:02+00:00] auth.INFO: [auth.resend.email_sent] Si un compte existe pour cette adresse, un nouveau lien d’activation vient d’être envoyé. {"email":"ghost@example.com","reason":"user_not_found"} 
[2025-10-01T15:09:02+00:00] auth.INFO: [auth.confirmation.already_confirmed] Votre compte est déjà activé. Vous pouvez vous connecter. {"user_id":111,"email":"zoe@example.com"} 
[2025-10-01T15:09:02+00:00] auth.INFO: [token clair] Une erreur technique est survenue. Merci de réessayer plus tard. {"token":"5Of5YsLhlCxoch_dOpnPzL8oBmYKd_yPUNOl1Ycs1Ss"} 
[2025-10-01T15:09:02+00:00] auth.ERROR: [auth.technical_error] Une erreur technique est survenue. Merci de réessayer plus tard. {"user_id":333,"reason":"set_confirmation_token_failed"} 
[2025-10-01T15:09:02+00:00] auth.INFO: [token clair] Une erreur technique est survenue. Merci de réessayer plus tard. {"token":"OlTty6rq34ZNgSbSXKwAeIeVhmTeULYgAeOVbfslXZ4"} 
[2025-10-01T15:09:02+00:00] auth.ERROR: [auth.confirmation.send_failed] Impossible d’envoyer l’email de confirmation. Réessayez ci-dessous. {"user_id":444,"email":"neo@example.com","exception":"Email infra down"} 
[2025-10-01T15:09:02+00:00] auth.INFO: [token clair] Une erreur technique est survenue. Merci de réessayer plus tard. {"token":"gCa24VJoB6PLZ9IVMOX804k9pTj_cun5T3PTnvn_3c8"} 
[2025-10-01T15:09:02+00:00] auth.ERROR: [auth.confirmation.send_failed] Impossible d’envoyer l’email de confirmation. Réessayez ci-dessous. {"user_id":555,"email":"uma@example.com","reason":"mailer_returned_false"} 
[2025-10-01T15:09:02+00:00] auth.INFO: [token clair] Une erreur technique est survenue. Merci de réessayer plus tard. {"token":"Ohq5ujs_PSdY0x7dmE24R2iWXbyZNp6ckZZEIyNvcuE"} 
[2025-10-01T15:09:02+00:00] auth.INFO: [auth.resend.email_sent] Si un compte existe pour cette adresse, un nouveau lien d’activation vient d’être envoyé. {"user_id":777,"email":"tom@example.com"} 
[2025-10-01T15:12:38+00:00] auth.INFO: [token clair] Une erreur technique est survenue. Merci de réessayer plus tard. {"token":"mXmfise40BNgK0snXoQSWUcB5yEhoR1rSfPUWiRv5UI"} 
[2025-10-01T15:12:38+00:00] auth.INFO: [auth.registration.username_exists] Nom d'utilisateur déjà utilisé. {"username":"Bob"} 
[2025-10-01T15:12:38+00:00] auth.INFO: [auth.registration.email_exists] Cette adresse email est déjà associée à un compte. {"email":"bob@example.com"} 
[2025-10-01T15:12:38+00:00] auth.INFO: [token clair] Une erreur technique est survenue. Merci de réessayer plus tard. {"token":"FgGolfrLyaVaz7JLHO3E3pCF48tjHncMpxXA6jrXOgY"} 
[2025-10-01T15:12:38+00:00] auth.WARNING: [auth.registration.failed] Une erreur est survenue lors de votre inscription. {"email":"carl@example.com","username":"Carl"} 
[2025-10-01T15:12:39+00:00] auth.INFO: [token clair] Une erreur technique est survenue. Merci de réessayer plus tard. {"token":"_DW9ae0sQ06ZTZOqyMuj76uUeqKlDlZEYvOIhxD5XGk"} 
[2025-10-01T15:12:39+00:00] auth.ERROR: [auth.technical_error] Une erreur technique est survenue. Merci de réessayer plus tard. {"reason":"create_confirmation_token_failed","user_id":456} 
[2025-10-01T15:12:39+00:00] auth.INFO: [token clair] Une erreur technique est survenue. Merci de réessayer plus tard. {"token":"RCOkzx7SlgAmloGRe0MYUnexYEdHv_h0NbKw4GNZQvU"} 
[2025-10-01T15:12:39+00:00] auth.ERROR: [auth.confirmation.send_failed] Impossible d’envoyer l’email de confirmation. Réessayez ci-dessous. {"email":"eve@example.com","user_id":777,"exception":"SMTP down"} 
[2025-10-01T15:12:39+00:00] auth.INFO: [token clair] Une erreur technique est survenue. Merci de réessayer plus tard. {"token":"GKp1zRak32AxRoHbLdaZXlkbeqkxLQSm6p8vIyH8mbs"} 
[2025-10-01T15:12:39+00:00] auth.ERROR: [auth.confirmation.send_failed] Impossible d’envoyer l’email de confirmation. Réessayez ci-dessous. {"email":"fox@example.com","user_id":888,"reason":"mailer_returned_false"} 
[2025-10-01T15:12:39+00:00] auth.INFO: [token clair] Une erreur technique est survenue. Merci de réessayer plus tard. {"token":"DupckwWkfK5wPPrsX0OFiScpipovCA74_2kPO42LgCQ"} 
[2025-10-01T15:12:39+00:00] auth.ERROR: [auth.technical_error] Une erreur technique est survenue. Merci de réessayer plus tard. {"reason":"transaction_exception","exception":"SQLSTATE[23000]: Integrity constraint violation: 1062 Duplicate entry 'greg@example.com' for key 'email'"} 
[2025-10-01T15:12:39+00:00] auth.INFO: [auth.confirmation.success] Votre compte a été activé avec succès. Vous pouvez maintenant vous connecter. {"user_id":123} 
[2025-10-01T15:12:40+00:00] auth.WARNING: [auth.confirmation.invalid_token] Le lien de confirmation est invalide ou a expiré. Veuillez demander un nouvel envoi. {"reason":"not_found"} 
[2025-10-01T15:12:40+00:00] auth.INFO: [auth.confirmation.already_confirmed] Votre compte est déjà activé. Vous pouvez vous connecter. {"user_id":1,"reason":"status_active"} 
[2025-10-01T15:12:40+00:00] auth.WARNING: [auth.confirmation.invalid_token] Le lien de confirmation est invalide ou a expiré. Veuillez demander un nouvel envoi. {"reason":"expired_and_used_inconsistent_state","user_id":1} 
[2025-10-01T15:12:40+00:00] auth.WARNING: [auth.confirmation.invalid_token] Le lien de confirmation est invalide ou a expiré. Veuillez demander un nouvel envoi. {"reason":"expired_before_activation","user_id":1} 
[2025-10-01T15:12:40+00:00] auth.WARNING: [auth.confirmation.token_used] Ce lien a déjà été utilisé. Votre compte est probablement déjà confirmé. Vous pouvez maintenant vous connecter. {"user_id":1,"reason":"token_used_user_still_inactive"} 
[2025-10-01T15:12:40+00:00] auth.ERROR: [auth.technical_error] Une erreur technique est survenue. Merci de réessayer plus tard. {"reason":"activate_failed_sql_guard","user_id":1} 
[2025-10-01T15:12:40+00:00] auth.INFO: [auth.resend.email_sent] Si un compte existe pour cette adresse, un nouveau lien d’activation vient d’être envoyé. {"email":"ghost@example.com","reason":"user_not_found"} 
[2025-10-01T15:12:40+00:00] auth.INFO: [auth.confirmation.already_confirmed] Votre compte est déjà activé. Vous pouvez vous connecter. {"user_id":111,"email":"zoe@example.com"} 
[2025-10-01T15:12:40+00:00] auth.INFO: [token clair] Une erreur technique est survenue. Merci de réessayer plus tard. {"token":"4x4bKCCEpVQnPGtE_JZbJ2YeVbJVSWocoxl2nbTTmDw"} 
[2025-10-01T15:12:40+00:00] auth.ERROR: [auth.technical_error] Une erreur technique est survenue. Merci de réessayer plus tard. {"user_id":333,"reason":"set_confirmation_token_failed"} 
[2025-10-01T15:12:40+00:00] auth.INFO: [token clair] Une erreur technique est survenue. Merci de réessayer plus tard. {"token":"G8g1jDaSqOOU8wmNkq_VvR8uC66hntOSBkHYtt5OiT8"} 
[2025-10-01T15:12:40+00:00] auth.ERROR: [auth.confirmation.send_failed] Impossible d’envoyer l’email de confirmation. Réessayez ci-dessous. {"user_id":444,"email":"neo@example.com","exception":"Email infra down"} 
[2025-10-01T15:12:40+00:00] auth.INFO: [token clair] Une erreur technique est survenue. Merci de réessayer plus tard. {"token":"wVlxwOdG6vBa_lrjCrKk80hIE8iCYPxpS48xC2ZJBKg"} 
[2025-10-01T15:12:40+00:00] auth.ERROR: [auth.confirmation.send_failed] Impossible d’envoyer l’email de confirmation. Réessayez ci-dessous. {"user_id":555,"email":"uma@example.com","reason":"mailer_returned_false"} 
[2025-10-01T15:12:40+00:00] auth.INFO: [token clair] Une erreur technique est survenue. Merci de réessayer plus tard. {"token":"xuVPU1B-G4R7boLzN7mMVTao3eOvIp1yk9nHiYQMVaY"} 
[2025-10-01T15:12:40+00:00] auth.INFO: [auth.resend.email_sent] Si un compte existe pour cette adresse, un nouveau lien d’activation vient d’être envoyé. {"user_id":777,"email":"tom@example.com"} 
[2025-10-01T16:18:19+00:00] auth.INFO: [token clair] Une erreur technique est survenue. Merci de réessayer plus tard. {"token":"P1QEWImxiFOVr6z0gQA0Etg-PIvDOQL20kjCuYw7yL0"} 
[2025-10-01T16:18:19+00:00] auth.INFO: [auth.registration.username_exists] Nom d'utilisateur déjà utilisé. {"username":"Bob"} 
[2025-10-01T16:18:19+00:00] auth.INFO: [auth.registration.email_exists] Cette adresse email est déjà associée à un compte. {"email":"bob@example.com"} 
[2025-10-01T16:18:19+00:00] auth.INFO: [token clair] Une erreur technique est survenue. Merci de réessayer plus tard. {"token":"vPMtgCymkdzlx9bLYrZmH9KWQWR76ZtE-ASDC9G8QFE"} 
[2025-10-01T16:18:19+00:00] auth.WARNING: [auth.registration.failed] Une erreur est survenue lors de votre inscription. {"email":"carl@example.com","username":"Carl"} 
[2025-10-01T16:18:19+00:00] auth.INFO: [token clair] Une erreur technique est survenue. Merci de réessayer plus tard. {"token":"LgHpSUEx8AGgKpKPI45J2rIBemcwPdON_9jWEufvhp4"} 
[2025-10-01T16:18:19+00:00] auth.ERROR: [auth.technical_error] Une erreur technique est survenue. Merci de réessayer plus tard. {"reason":"create_confirmation_token_failed","user_id":456} 
[2025-10-01T16:18:20+00:00] auth.INFO: [token clair] Une erreur technique est survenue. Merci de réessayer plus tard. {"token":"NlCXtmSphfMP2AQlG9BWLIeGmJ7RFKfob5PwGEkdX1U"} 
[2025-10-01T16:18:20+00:00] auth.ERROR: [auth.confirmation.send_failed] Impossible d’envoyer l’email de confirmation. Réessayez ci-dessous. {"email":"eve@example.com","user_id":777,"exception":"SMTP down"} 
[2025-10-01T16:18:20+00:00] auth.INFO: [token clair] Une erreur technique est survenue. Merci de réessayer plus tard. {"token":"v68FZfrX-3P-_G2e_GkSjyOZnTM6WH-Dbp8_BLh_WhM"} 
[2025-10-01T16:18:20+00:00] auth.ERROR: [auth.confirmation.send_failed] Impossible d’envoyer l’email de confirmation. Réessayez ci-dessous. {"email":"fox@example.com","user_id":888,"reason":"mailer_returned_false"} 
[2025-10-01T16:18:21+00:00] auth.INFO: [token clair] Une erreur technique est survenue. Merci de réessayer plus tard. {"token":"OZAUEv7zQ7V0sZKvPWUcQgS23YUxt3dCuQaLBqR9vQM"} 
[2025-10-01T16:18:21+00:00] auth.ERROR: [auth.technical_error] Une erreur technique est survenue. Merci de réessayer plus tard. {"reason":"transaction_exception","exception":"Duplicate entry for key uniq_email"} 
[2025-10-01T16:18:21+00:00] auth.INFO: [auth.confirmation.success] Votre compte a été activé avec succès. Vous pouvez maintenant vous connecter. {"user_id":123} 
[2025-10-01T16:18:21+00:00] auth.WARNING: [auth.confirmation.invalid_token] Le lien de confirmation est invalide ou a expiré. Veuillez demander un nouvel envoi. {"reason":"not_found"} 
[2025-10-01T16:18:21+00:00] auth.INFO: [auth.confirmation.already_confirmed] Votre compte est déjà activé. Vous pouvez vous connecter. {"user_id":1,"reason":"status_active"} 
[2025-10-01T16:18:21+00:00] auth.WARNING: [auth.confirmation.invalid_token] Le lien de confirmation est invalide ou a expiré. Veuillez demander un nouvel envoi. {"reason":"expired_and_used_inconsistent_state","user_id":1} 
[2025-10-01T16:18:21+00:00] auth.WARNING: [auth.confirmation.invalid_token] Le lien de confirmation est invalide ou a expiré. Veuillez demander un nouvel envoi. {"reason":"expired_before_activation","user_id":1} 
[2025-10-01T16:18:21+00:00] auth.WARNING: [auth.confirmation.token_used] Ce lien a déjà été utilisé. Votre compte est probablement déjà confirmé. Vous pouvez maintenant vous connecter. {"user_id":1,"reason":"token_used_user_still_inactive"} 
[2025-10-01T16:18:21+00:00] auth.ERROR: [auth.technical_error] Une erreur technique est survenue. Merci de réessayer plus tard. {"reason":"activate_failed_sql_guard","user_id":1} 
[2025-10-01T16:18:21+00:00] auth.INFO: [auth.resend.email_sent] Si un compte existe pour cette adresse, un nouveau lien d’activation vient d’être envoyé. {"email":"ghost@example.com","reason":"user_not_found"} 
[2025-10-01T16:18:21+00:00] auth.INFO: [auth.confirmation.already_confirmed] Votre compte est déjà activé. Vous pouvez vous connecter. {"user_id":111,"email":"zoe@example.com"} 
[2025-10-01T16:18:21+00:00] auth.INFO: [token clair] Une erreur technique est survenue. Merci de réessayer plus tard. {"token":"JGyefUCBugKYjvqIXl_zCnqQg2nxQ572xdd4nSLdnSo"} 
[2025-10-01T16:18:21+00:00] auth.ERROR: [auth.technical_error] Une erreur technique est survenue. Merci de réessayer plus tard. {"user_id":333,"reason":"set_confirmation_token_failed"} 
[2025-10-01T16:18:21+00:00] auth.INFO: [token clair] Une erreur technique est survenue. Merci de réessayer plus tard. {"token":"txlQjMooiX1tzD_W6j29uNqD0ov4JPBxtb3IALFcTbM"} 
[2025-10-01T16:18:21+00:00] auth.ERROR: [auth.confirmation.send_failed] Impossible d’envoyer l’email de confirmation. Réessayez ci-dessous. {"user_id":444,"email":"neo@example.com","exception":"Email infra down"} 
[2025-10-01T16:18:21+00:00] auth.INFO: [token clair] Une erreur technique est survenue. Merci de réessayer plus tard. {"token":"etSnxkqBPs3wdE37Xp9wMbCk1xdDjpvMaQ-0I3uoVpM"} 
[2025-10-01T16:18:21+00:00] auth.ERROR: [auth.confirmation.send_failed] Impossible d’envoyer l’email de confirmation. Réessayez ci-dessous. {"user_id":555,"email":"uma@example.com","reason":"mailer_returned_false"} 
[2025-10-01T16:18:21+00:00] auth.INFO: [token clair] Une erreur technique est survenue. Merci de réessayer plus tard. {"token":"8r2HV7liuwJPn6fG7c7bZiCt-7nTYUTGIHeTKutqtF8"} 
[2025-10-01T16:18:21+00:00] auth.INFO: [auth.resend.email_sent] Si un compte existe pour cette adresse, un nouveau lien d’activation vient d’être envoyé. {"user_id":777,"email":"tom@example.com"} 
[2025-10-01T16:23:15+00:00] auth.INFO: [token clair] Une erreur technique est survenue. Merci de réessayer plus tard. {"token":"xSUz0tY1FzvSn1PeUqQFu2KPca3hUaMJ3EDGZ-qacZQ"} 
[2025-10-01T16:23:15+00:00] auth.INFO: [auth.registration.username_exists] Nom d'utilisateur déjà utilisé. {"username":"Bob"} 
[2025-10-01T16:23:15+00:00] auth.INFO: [auth.registration.email_exists] Cette adresse email est déjà associée à un compte. {"email":"bob@example.com"} 
[2025-10-01T16:23:15+00:00] auth.INFO: [token clair] Une erreur technique est survenue. Merci de réessayer plus tard. {"token":"SEAlP1NM4mPpIkip8sQtKw4N15D-4rk2aCkUuWgqtBw"} 
[2025-10-01T16:23:15+00:00] auth.WARNING: [auth.registration.failed] Une erreur est survenue lors de votre inscription. {"email":"carl@example.com","username":"Carl"} 
[2025-10-01T16:23:16+00:00] auth.INFO: [token clair] Une erreur technique est survenue. Merci de réessayer plus tard. {"token":"JL7LMSe3WaAnNS_6wvraTPqYB128HZySlgFK-8psyEY"} 
[2025-10-01T16:23:16+00:00] auth.ERROR: [auth.technical_error] Une erreur technique est survenue. Merci de réessayer plus tard. {"reason":"create_confirmation_token_failed","user_id":456} 
[2025-10-01T16:23:16+00:00] auth.INFO: [token clair] Une erreur technique est survenue. Merci de réessayer plus tard. {"token":"EJnT0CP0WszR-QPjONZao4YEwqeRqKvufQtgB9GpUAM"} 
[2025-10-01T16:23:16+00:00] auth.ERROR: [auth.confirmation.send_failed] Impossible d’envoyer l’email de confirmation. Réessayez ci-dessous. {"email":"eve@example.com","user_id":777,"exception":"SMTP down"} 
[2025-10-01T16:23:16+00:00] auth.INFO: [token clair] Une erreur technique est survenue. Merci de réessayer plus tard. {"token":"KjuWZIQqBbVrsI2ceK4UQ7y4idaVQ0dI3cpgkEqqZMM"} 
[2025-10-01T16:23:16+00:00] auth.ERROR: [auth.confirmation.send_failed] Impossible d’envoyer l’email de confirmation. Réessayez ci-dessous. {"email":"fox@example.com","user_id":888,"reason":"mailer_returned_false"} 
[2025-10-01T16:23:17+00:00] auth.INFO: [token clair] Une erreur technique est survenue. Merci de réessayer plus tard. {"token":"kum7vAY7z0RGEocSYOXEKZgLJ3-Elvh89CPa5pp8CV4"} 
[2025-10-01T16:23:17+00:00] auth.ERROR: [auth.technical_error] Une erreur technique est survenue. Merci de réessayer plus tard. {"reason":"transaction_exception","exception":"SQLSTATE[23000]: Integrity constraint violation: 1062 Duplicate entry 'greg@example.com' for key 'email'"} 
[2025-10-01T16:23:17+00:00] auth.INFO: [auth.confirmation.success] Votre compte a été activé avec succès. Vous pouvez maintenant vous connecter. {"user_id":123} 
[2025-10-01T16:23:17+00:00] auth.WARNING: [auth.confirmation.invalid_token] Le lien de confirmation est invalide ou a expiré. Veuillez demander un nouvel envoi. {"reason":"not_found"} 
[2025-10-01T16:23:17+00:00] auth.INFO: [auth.confirmation.already_confirmed] Votre compte est déjà activé. Vous pouvez vous connecter. {"user_id":1,"reason":"status_active"} 
[2025-10-01T16:23:17+00:00] auth.WARNING: [auth.confirmation.invalid_token] Le lien de confirmation est invalide ou a expiré. Veuillez demander un nouvel envoi. {"reason":"expired_and_used_inconsistent_state","user_id":1} 
[2025-10-01T16:23:17+00:00] auth.WARNING: [auth.confirmation.invalid_token] Le lien de confirmation est invalide ou a expiré. Veuillez demander un nouvel envoi. {"reason":"expired_before_activation","user_id":1} 
[2025-10-01T16:23:17+00:00] auth.WARNING: [auth.confirmation.token_used] Ce lien a déjà été utilisé. Votre compte est probablement déjà confirmé. Vous pouvez maintenant vous connecter. {"user_id":1,"reason":"token_used_user_still_inactive"} 
[2025-10-01T16:23:17+00:00] auth.ERROR: [auth.technical_error] Une erreur technique est survenue. Merci de réessayer plus tard. {"reason":"activate_failed_sql_guard","user_id":1} 
[2025-10-01T16:23:17+00:00] auth.INFO: [auth.resend.email_sent] Si un compte existe pour cette adresse, un nouveau lien d’activation vient d’être envoyé. {"email":"ghost@example.com","reason":"user_not_found"} 
[2025-10-01T16:23:17+00:00] auth.INFO: [auth.confirmation.already_confirmed] Votre compte est déjà activé. Vous pouvez vous connecter. {"user_id":111,"email":"zoe@example.com"} 
[2025-10-01T16:23:17+00:00] auth.INFO: [token clair] Une erreur technique est survenue. Merci de réessayer plus tard. {"token":"P5YebnmCKq5lj6y8Jd0RR4CfrJtwtoxZFfaagCina9c"} 
[2025-10-01T16:23:17+00:00] auth.ERROR: [auth.technical_error] Une erreur technique est survenue. Merci de réessayer plus tard. {"user_id":333,"reason":"set_confirmation_token_failed"} 
[2025-10-01T16:23:17+00:00] auth.INFO: [token clair] Une erreur technique est survenue. Merci de réessayer plus tard. {"token":"F0fXOHaL6x9lVWCJSfqyTiSCK0GMwEj4NT9ynxnd46A"} 
[2025-10-01T16:23:17+00:00] auth.ERROR: [auth.confirmation.send_failed] Impossible d’envoyer l’email de confirmation. Réessayez ci-dessous. {"user_id":444,"email":"neo@example.com","exception":"Email infra down"} 
[2025-10-01T16:23:17+00:00] auth.INFO: [token clair] Une erreur technique est survenue. Merci de réessayer plus tard. {"token":"gKZ4waCYfyb0ekXEnIzZqfzHzoFZY2Ai-34vUBsdlJ0"} 
[2025-10-01T16:23:17+00:00] auth.ERROR: [auth.confirmation.send_failed] Impossible d’envoyer l’email de confirmation. Réessayez ci-dessous. {"user_id":555,"email":"uma@example.com","reason":"mailer_returned_false"} 
[2025-10-01T16:23:17+00:00] auth.INFO: [token clair] Une erreur technique est survenue. Merci de réessayer plus tard. {"token":"7PtZsdDz5YNO70G9BnQkAb5ZGjz4QkSfOhuGq1_MztY"} 
[2025-10-01T16:23:17+00:00] auth.INFO: [auth.resend.email_sent] Si un compte existe pour cette adresse, un nouveau lien d’activation vient d’être envoyé. {"user_id":777,"email":"tom@example.com"} 
[2025-10-01T16:24:08+00:00] auth.INFO: [token clair] Une erreur technique est survenue. Merci de réessayer plus tard. {"token":"kT0JchgKDRDEMlJUB6SvfGF8cKcSHq3zBFKvEdzO2Iw"} 
[2025-10-01T16:24:08+00:00] auth.INFO: [auth.registration.username_exists] Nom d'utilisateur déjà utilisé. {"username":"Bob"} 
[2025-10-01T16:24:08+00:00] auth.INFO: [auth.registration.email_exists] Cette adresse email est déjà associée à un compte. {"email":"bob@example.com"} 
[2025-10-01T16:24:08+00:00] auth.INFO: [token clair] Une erreur technique est survenue. Merci de réessayer plus tard. {"token":"G2pTEYSE5nOsRlZ3IixNK1FMWEZOlDsPcmPcApMwe7U"} 
[2025-10-01T16:24:08+00:00] auth.WARNING: [auth.registration.failed] Une erreur est survenue lors de votre inscription. {"email":"carl@example.com","username":"Carl"} 
[2025-10-01T16:24:09+00:00] auth.INFO: [token clair] Une erreur technique est survenue. Merci de réessayer plus tard. {"token":"6R_KxREGNBSrTFYglfQXWPphW2pBarb1gwut3h2kPAA"} 
[2025-10-01T16:24:09+00:00] auth.ERROR: [auth.technical_error] Une erreur technique est survenue. Merci de réessayer plus tard. {"reason":"create_confirmation_token_failed","user_id":456} 
[2025-10-01T16:24:09+00:00] auth.INFO: [token clair] Une erreur technique est survenue. Merci de réessayer plus tard. {"token":"4LHtLoZwkg6WkO9xrBZPznGrK9NIGsRcKEw8I8JJNNQ"} 
[2025-10-01T16:24:09+00:00] auth.ERROR: [auth.confirmation.send_failed] Impossible d’envoyer l’email de confirmation. Réessayez ci-dessous. {"email":"eve@example.com","user_id":777,"exception":"SMTP down"} 
[2025-10-01T16:24:10+00:00] auth.INFO: [token clair] Une erreur technique est survenue. Merci de réessayer plus tard. {"token":"VR6qbK0d2nOXzWD0D1YLVvByyb1sSv0S7e8P3LmWFnc"} 
[2025-10-01T16:24:10+00:00] auth.ERROR: [auth.confirmation.send_failed] Impossible d’envoyer l’email de confirmation. Réessayez ci-dessous. {"email":"fox@example.com","user_id":888,"reason":"mailer_returned_false"} 
[2025-10-01T16:24:10+00:00] auth.INFO: [token clair] Une erreur technique est survenue. Merci de réessayer plus tard. {"token":"hPAPicQXnrx2ATH7mjp3SFllj6pCp6oQnIlZeS9Fq9Y"} 
[2025-10-01T16:24:10+00:00] auth.ERROR: [auth.technical_error] Une erreur technique est survenue. Merci de réessayer plus tard. {"reason":"transaction_exception","exception":"SQLSTATE[23000]: Integrity constraint violation: 1062 Duplicate entry 'greg@example.com' for key 'email'"} 
[2025-10-01T16:24:10+00:00] auth.INFO: [auth.confirmation.success] Votre compte a été activé avec succès. Vous pouvez maintenant vous connecter. {"user_id":123} 
[2025-10-01T16:24:10+00:00] auth.WARNING: [auth.confirmation.invalid_token] Le lien de confirmation est invalide ou a expiré. Veuillez demander un nouvel envoi. {"reason":"not_found"} 
[2025-10-01T16:24:10+00:00] auth.INFO: [auth.confirmation.already_confirmed] Votre compte est déjà activé. Vous pouvez vous connecter. {"user_id":1,"reason":"status_active"} 
[2025-10-01T16:24:10+00:00] auth.WARNING: [auth.confirmation.invalid_token] Le lien de confirmation est invalide ou a expiré. Veuillez demander un nouvel envoi. {"reason":"expired_and_used_inconsistent_state","user_id":1} 
[2025-10-01T16:24:10+00:00] auth.WARNING: [auth.confirmation.invalid_token] Le lien de confirmation est invalide ou a expiré. Veuillez demander un nouvel envoi. {"reason":"expired_before_activation","user_id":1} 
[2025-10-01T16:24:10+00:00] auth.WARNING: [auth.confirmation.token_used] Ce lien a déjà été utilisé. Votre compte est probablement déjà confirmé. Vous pouvez maintenant vous connecter. {"user_id":1,"reason":"token_used_user_still_inactive"} 
[2025-10-01T16:24:10+00:00] auth.ERROR: [auth.technical_error] Une erreur technique est survenue. Merci de réessayer plus tard. {"reason":"activate_failed_sql_guard","user_id":1} 
[2025-10-01T16:24:10+00:00] auth.INFO: [auth.resend.email_sent] Si un compte existe pour cette adresse, un nouveau lien d’activation vient d’être envoyé. {"email":"ghost@example.com","reason":"user_not_found"} 
[2025-10-01T16:24:10+00:00] auth.INFO: [auth.confirmation.already_confirmed] Votre compte est déjà activé. Vous pouvez vous connecter. {"user_id":111,"email":"zoe@example.com"} 
[2025-10-01T16:24:10+00:00] auth.INFO: [token clair] Une erreur technique est survenue. Merci de réessayer plus tard. {"token":"1jutlFMTeG4J1ykLpJW_KSbOCFi2du6oZWNM16QhYPM"} 
[2025-10-01T16:24:10+00:00] auth.ERROR: [auth.technical_error] Une erreur technique est survenue. Merci de réessayer plus tard. {"user_id":333,"reason":"set_confirmation_token_failed"} 
[2025-10-01T16:24:10+00:00] auth.INFO: [token clair] Une erreur technique est survenue. Merci de réessayer plus tard. {"token":"8WGkyrGdjJ2EmgII45zg8sRUP8HyhFXUwUFLTHxfzMk"} 
[2025-10-01T16:24:10+00:00] auth.ERROR: [auth.confirmation.send_failed] Impossible d’envoyer l’email de confirmation. Réessayez ci-dessous. {"user_id":444,"email":"neo@example.com","exception":"Email infra down"} 
[2025-10-01T16:24:10+00:00] auth.INFO: [token clair] Une erreur technique est survenue. Merci de réessayer plus tard. {"token":"-KDhevKrIm-bh6J6N6X_MBqpKKxxa5BhZYH8Rx6RxrE"} 
[2025-10-01T16:24:10+00:00] auth.ERROR: [auth.confirmation.send_failed] Impossible d’envoyer l’email de confirmation. Réessayez ci-dessous. {"user_id":555,"email":"uma@example.com","reason":"mailer_returned_false"} 
[2025-10-01T16:24:10+00:00] auth.INFO: [token clair] Une erreur technique est survenue. Merci de réessayer plus tard. {"token":"gq3-8f-jdvkS4FnvgodsfQGaL7tlyivKGVArHwvjNcM"} 
[2025-10-01T16:24:10+00:00] auth.INFO: [auth.resend.email_sent] Si un compte existe pour cette adresse, un nouveau lien d’activation vient d’être envoyé. {"user_id":777,"email":"tom@example.com"} 
[2025-10-01T16:24:25+00:00] auth.INFO: [token clair] Une erreur technique est survenue. Merci de réessayer plus tard. {"token":"zZ9ssMaX8MaUB9szpsANCPa5SMNWIwQAAycAgNUBvPI"} 
[2025-10-01T16:24:25+00:00] auth.INFO: [auth.registration.username_exists] Nom d'utilisateur déjà utilisé. {"username":"Bob"} 
[2025-10-01T16:24:25+00:00] auth.INFO: [auth.registration.email_exists] Cette adresse email est déjà associée à un compte. {"email":"bob@example.com"} 
[2025-10-01T16:24:26+00:00] auth.INFO: [token clair] Une erreur technique est survenue. Merci de réessayer plus tard. {"token":"0zATfRMjNAWE8p1ZIQibh5u-SXR2oyKLdLNNUBGGevg"} 
[2025-10-01T16:24:26+00:00] auth.WARNING: [auth.registration.failed] Une erreur est survenue lors de votre inscription. {"email":"carl@example.com","username":"Carl"} 
[2025-10-01T16:24:26+00:00] auth.INFO: [token clair] Une erreur technique est survenue. Merci de réessayer plus tard. {"token":"WFK0U4x5SwDt2WOqyDzOaD3cJwD5syREpgsMyDSLkW8"} 
[2025-10-01T16:24:26+00:00] auth.ERROR: [auth.technical_error] Une erreur technique est survenue. Merci de réessayer plus tard. {"reason":"create_confirmation_token_failed","user_id":456} 
[2025-10-01T16:24:27+00:00] auth.INFO: [token clair] Une erreur technique est survenue. Merci de réessayer plus tard. {"token":"Jlp8lD1TlZoZy73x2_bsxDIXuT1JozhEccj2tDJnDbU"} 
[2025-10-01T16:24:27+00:00] auth.ERROR: [auth.confirmation.send_failed] Impossible d’envoyer l’email de confirmation. Réessayez ci-dessous. {"email":"eve@example.com","user_id":777,"exception":"SMTP down"} 
[2025-10-01T16:24:27+00:00] auth.INFO: [token clair] Une erreur technique est survenue. Merci de réessayer plus tard. {"token":"s3aPSJvDSBoBqGVNulNZS9e6bOJMiudDXclN8yWbXWA"} 
[2025-10-01T16:24:27+00:00] auth.ERROR: [auth.confirmation.send_failed] Impossible d’envoyer l’email de confirmation. Réessayez ci-dessous. {"email":"fox@example.com","user_id":888,"reason":"mailer_returned_false"} 
[2025-10-01T16:24:27+00:00] auth.INFO: [token clair] Une erreur technique est survenue. Merci de réessayer plus tard. {"token":"6zrNo27VLM3muXybAyJ2Hl3txXK_o6up0pTc7FoSf40"} 
[2025-10-01T16:24:27+00:00] auth.ERROR: [auth.technical_error] Une erreur technique est survenue. Merci de réessayer plus tard. {"reason":"transaction_exception","exception":"SQLSTATE[23000]: Integrity constraint violation: 1062 Duplicate entry 'greg@example.com' for key 'email'"} 
[2025-10-01T16:24:27+00:00] auth.INFO: [auth.confirmation.success] Votre compte a été activé avec succès. Vous pouvez maintenant vous connecter. {"user_id":123} 
[2025-10-01T16:24:27+00:00] auth.WARNING: [auth.confirmation.invalid_token] Le lien de confirmation est invalide ou a expiré. Veuillez demander un nouvel envoi. {"reason":"not_found"} 
[2025-10-01T16:24:27+00:00] auth.INFO: [auth.confirmation.already_confirmed] Votre compte est déjà activé. Vous pouvez vous connecter. {"user_id":1,"reason":"status_active"} 
[2025-10-01T16:24:27+00:00] auth.WARNING: [auth.confirmation.invalid_token] Le lien de confirmation est invalide ou a expiré. Veuillez demander un nouvel envoi. {"reason":"expired_and_used_inconsistent_state","user_id":1} 
[2025-10-01T16:24:27+00:00] auth.WARNING: [auth.confirmation.invalid_token] Le lien de confirmation est invalide ou a expiré. Veuillez demander un nouvel envoi. {"reason":"expired_before_activation","user_id":1} 
[2025-10-01T16:24:27+00:00] auth.WARNING: [auth.confirmation.token_used] Ce lien a déjà été utilisé. Votre compte est probablement déjà confirmé. Vous pouvez maintenant vous connecter. {"user_id":1,"reason":"token_used_user_still_inactive"} 
[2025-10-01T16:24:27+00:00] auth.ERROR: [auth.technical_error] Une erreur technique est survenue. Merci de réessayer plus tard. {"reason":"activate_failed_sql_guard","user_id":1} 
[2025-10-01T16:24:27+00:00] auth.INFO: [auth.resend.email_sent] Si un compte existe pour cette adresse, un nouveau lien d’activation vient d’être envoyé. {"email":"ghost@example.com","reason":"user_not_found"} 
[2025-10-01T16:24:28+00:00] auth.INFO: [auth.confirmation.already_confirmed] Votre compte est déjà activé. Vous pouvez vous connecter. {"user_id":111,"email":"zoe@example.com"} 
[2025-10-01T16:24:28+00:00] auth.INFO: [token clair] Une erreur technique est survenue. Merci de réessayer plus tard. {"token":"5MGakWYgQhzzRCPV15SaVWpdF7GAb9HBmfT1ECw5tDI"} 
[2025-10-01T16:24:28+00:00] auth.ERROR: [auth.technical_error] Une erreur technique est survenue. Merci de réessayer plus tard. {"user_id":333,"reason":"set_confirmation_token_failed"} 
[2025-10-01T16:24:28+00:00] auth.INFO: [token clair] Une erreur technique est survenue. Merci de réessayer plus tard. {"token":"Vufig1zrqVNBAtDFbkLcRK9AgC5bqHQlvC6c0NtNPPs"} 
[2025-10-01T16:24:28+00:00] auth.ERROR: [auth.confirmation.send_failed] Impossible d’envoyer l’email de confirmation. Réessayez ci-dessous. {"user_id":444,"email":"neo@example.com","exception":"Email infra down"} 
[2025-10-01T16:24:28+00:00] auth.INFO: [token clair] Une erreur technique est survenue. Merci de réessayer plus tard. {"token":"ODf-hEN9QdZCQF0p4jeqsp2wRzd61Z7F9VImS2bS6KU"} 
[2025-10-01T16:24:28+00:00] auth.ERROR: [auth.confirmation.send_failed] Impossible d’envoyer l’email de confirmation. Réessayez ci-dessous. {"user_id":555,"email":"uma@example.com","reason":"mailer_returned_false"} 
[2025-10-01T16:24:28+00:00] auth.INFO: [token clair] Une erreur technique est survenue. Merci de réessayer plus tard. {"token":"mrQPRpUj4qioQ8Wxsvf52Gmeg7_QNgyRfjx76TOuCdY"} 
[2025-10-01T16:24:28+00:00] auth.INFO: [auth.resend.email_sent] Si un compte existe pour cette adresse, un nouveau lien d’activation vient d’être envoyé. {"user_id":777,"email":"tom@example.com"} 
[2025-10-01T16:27:56+00:00] auth.INFO: [token clair] Une erreur technique est survenue. Merci de réessayer plus tard. {"token":"-QhO_mYZlibUzoc05TQRTPhYa__0JDRUcAj9DH69Z_M"} 
[2025-10-01T16:27:56+00:00] auth.INFO: [auth.registration.username_exists] Nom d'utilisateur déjà utilisé. {"username":"Bob"} 
[2025-10-01T16:27:56+00:00] auth.INFO: [auth.registration.email_exists] Cette adresse email est déjà associée à un compte. {"email":"bob@example.com"} 
[2025-10-01T16:27:56+00:00] auth.INFO: [token clair] Une erreur technique est survenue. Merci de réessayer plus tard. {"token":"cfKhMqeSo7dH86jBGgq3KduC0nrJojjayxPhXUo8A6w"} 
[2025-10-01T16:27:56+00:00] auth.WARNING: [auth.registration.failed] Une erreur est survenue lors de votre inscription. {"email":"carl@example.com","username":"Carl"} 
[2025-10-01T16:27:57+00:00] auth.INFO: [token clair] Une erreur technique est survenue. Merci de réessayer plus tard. {"token":"kA1R3dJRYCvv8PrzjIbgtl6ay8b_iZ3Cv7ZFRWV_BW0"} 
[2025-10-01T16:27:57+00:00] auth.ERROR: [auth.technical_error] Une erreur technique est survenue. Merci de réessayer plus tard. {"reason":"create_confirmation_token_failed","user_id":456} 
[2025-10-01T16:27:57+00:00] auth.INFO: [token clair] Une erreur technique est survenue. Merci de réessayer plus tard. {"token":"JCin5NwaI2ch0eRMie0J22489i24fVYeywdb_pT_G_8"} 
[2025-10-01T16:27:57+00:00] auth.ERROR: [auth.confirmation.send_failed] Impossible d’envoyer l’email de confirmation. Réessayez ci-dessous. {"email":"eve@example.com","user_id":777,"exception":"SMTP down"} 
[2025-10-01T16:27:57+00:00] auth.INFO: [token clair] Une erreur technique est survenue. Merci de réessayer plus tard. {"token":"phgLPiW8ZhW7lxuUcfG8V4cwReAykVn96UM6UWtsJiA"} 
[2025-10-01T16:27:57+00:00] auth.ERROR: [auth.confirmation.send_failed] Impossible d’envoyer l’email de confirmation. Réessayez ci-dessous. {"email":"fox@example.com","user_id":888,"reason":"mailer_returned_false"} 
[2025-10-01T16:27:58+00:00] auth.INFO: [token clair] Une erreur technique est survenue. Merci de réessayer plus tard. {"token":"g7sxpNCcAjXEyW9CQDokTvkDHQZEk-IuoSNuDDmmQ9c"} 
[2025-10-01T16:27:58+00:00] auth.ERROR: [auth.technical_error] Une erreur technique est survenue. Merci de réessayer plus tard. {"reason":"transaction_exception","exception":"Integrity constraint violation: duplicate key on uniq_email"} 
[2025-10-01T16:27:58+00:00] auth.INFO: [auth.confirmation.success] Votre compte a été activé avec succès. Vous pouvez maintenant vous connecter. {"user_id":123} 
[2025-10-01T16:27:58+00:00] auth.WARNING: [auth.confirmation.invalid_token] Le lien de confirmation est invalide ou a expiré. Veuillez demander un nouvel envoi. {"reason":"not_found"} 
[2025-10-01T16:27:58+00:00] auth.INFO: [auth.confirmation.already_confirmed] Votre compte est déjà activé. Vous pouvez vous connecter. {"user_id":1,"reason":"status_active"} 
[2025-10-01T16:27:58+00:00] auth.WARNING: [auth.confirmation.invalid_token] Le lien de confirmation est invalide ou a expiré. Veuillez demander un nouvel envoi. {"reason":"expired_and_used_inconsistent_state","user_id":1} 
[2025-10-01T16:27:58+00:00] auth.WARNING: [auth.confirmation.invalid_token] Le lien de confirmation est invalide ou a expiré. Veuillez demander un nouvel envoi. {"reason":"expired_before_activation","user_id":1} 
[2025-10-01T16:27:58+00:00] auth.WARNING: [auth.confirmation.token_used] Ce lien a déjà été utilisé. Votre compte est probablement déjà confirmé. Vous pouvez maintenant vous connecter. {"user_id":1,"reason":"token_used_user_still_inactive"} 
[2025-10-01T16:27:58+00:00] auth.ERROR: [auth.technical_error] Une erreur technique est survenue. Merci de réessayer plus tard. {"reason":"activate_failed_sql_guard","user_id":1} 
[2025-10-01T16:27:58+00:00] auth.INFO: [auth.resend.email_sent] Si un compte existe pour cette adresse, un nouveau lien d’activation vient d’être envoyé. {"email":"ghost@example.com","reason":"user_not_found"} 
[2025-10-01T16:27:58+00:00] auth.INFO: [auth.confirmation.already_confirmed] Votre compte est déjà activé. Vous pouvez vous connecter. {"user_id":111,"email":"zoe@example.com"} 
[2025-10-01T16:27:58+00:00] auth.INFO: [token clair] Une erreur technique est survenue. Merci de réessayer plus tard. {"token":"0I9mr1obYrqH6BqJG2kYc7PlqoL6ZOKmpQBd6OOisW4"} 
[2025-10-01T16:27:58+00:00] auth.ERROR: [auth.technical_error] Une erreur technique est survenue. Merci de réessayer plus tard. {"user_id":333,"reason":"set_confirmation_token_failed"} 
[2025-10-01T16:27:58+00:00] auth.INFO: [token clair] Une erreur technique est survenue. Merci de réessayer plus tard. {"token":"QsayosOnpv7lkHPKbHwe9PEj7XZ2HlBm5N7drkXCoxc"} 
[2025-10-01T16:27:58+00:00] auth.ERROR: [auth.confirmation.send_failed] Impossible d’envoyer l’email de confirmation. Réessayez ci-dessous. {"user_id":444,"email":"neo@example.com","exception":"Email infra down"} 
[2025-10-01T16:27:58+00:00] auth.INFO: [token clair] Une erreur technique est survenue. Merci de réessayer plus tard. {"token":"v9d55AAgKBy3KY8nqrrwlA3agky5lOjfLd1CjXzc5FQ"} 
[2025-10-01T16:27:58+00:00] auth.ERROR: [auth.confirmation.send_failed] Impossible d’envoyer l’email de confirmation. Réessayez ci-dessous. {"user_id":555,"email":"uma@example.com","reason":"mailer_returned_false"} 
[2025-10-01T16:27:58+00:00] auth.INFO: [token clair] Une erreur technique est survenue. Merci de réessayer plus tard. {"token":"iA7_W2-hKn6BZxxbgyEHmDjiWFHz6qalNaQ5LdGfYQk"} 
[2025-10-01T16:27:58+00:00] auth.INFO: [auth.resend.email_sent] Si un compte existe pour cette adresse, un nouveau lien d’activation vient d’être envoyé. {"user_id":777,"email":"tom@example.com"} 
[2025-10-01T16:30:46+00:00] auth.INFO: [token clair] Une erreur technique est survenue. Merci de réessayer plus tard. {"token":"520xyNCmcmiVj7os_b-3Zr-CMUo769YAIbxQAwidmck"} 
[2025-10-01T16:30:46+00:00] auth.INFO: [auth.registration.username_exists] Nom d'utilisateur déjà utilisé. {"username":"Bob"} 
[2025-10-01T16:30:46+00:00] auth.INFO: [auth.registration.email_exists] Cette adresse email est déjà associée à un compte. {"email":"bob@example.com"} 
[2025-10-01T16:30:47+00:00] auth.INFO: [token clair] Une erreur technique est survenue. Merci de réessayer plus tard. {"token":"VPaK84wtlDhekEe02OIEVSRTaeMhHVGaw8LK6VF25_Q"} 
[2025-10-01T16:30:47+00:00] auth.WARNING: [auth.registration.failed] Une erreur est survenue lors de votre inscription. {"email":"carl@example.com","username":"Carl"} 
[2025-10-01T16:30:47+00:00] auth.INFO: [token clair] Une erreur technique est survenue. Merci de réessayer plus tard. {"token":"ptKlUMlHK5xUVzjHUkpCkLf1p0nuUL3MVtDdyomjKlI"} 
[2025-10-01T16:30:47+00:00] auth.ERROR: [auth.technical_error] Une erreur technique est survenue. Merci de réessayer plus tard. {"reason":"create_confirmation_token_failed","user_id":456} 
[2025-10-01T16:30:48+00:00] auth.INFO: [token clair] Une erreur technique est survenue. Merci de réessayer plus tard. {"token":"FNPrvu2AxN4Ma3LVM6ditrz4cs4dqHgL5zNM8v9bf2c"} 
[2025-10-01T16:30:48+00:00] auth.ERROR: [auth.confirmation.send_failed] Impossible d’envoyer l’email de confirmation. Réessayez ci-dessous. {"email":"eve@example.com","user_id":777,"exception":"SMTP down"} 
[2025-10-01T16:30:48+00:00] auth.INFO: [token clair] Une erreur technique est survenue. Merci de réessayer plus tard. {"token":"zovw3IpuVi6eYMChxtDDCdCGn3UT_hgkv8BgjkYsSVs"} 
[2025-10-01T16:30:48+00:00] auth.ERROR: [auth.confirmation.send_failed] Impossible d’envoyer l’email de confirmation. Réessayez ci-dessous. {"email":"fox@example.com","user_id":888,"reason":"mailer_returned_false"} 
[2025-10-01T16:30:49+00:00] auth.INFO: [token clair] Une erreur technique est survenue. Merci de réessayer plus tard. {"token":"fV3QI_H86HEz_tbRJd5fYOOYCA0oGXMMLywNPXR5Kyw"} 
[2025-10-01T16:30:49+00:00] auth.ERROR: [auth.technical_error] Une erreur technique est survenue. Merci de réessayer plus tard. {"reason":"transaction_exception","exception":"Integrity constraint violation: duplicate key on uniq_email"} 
[2025-10-01T16:33:18+00:00] auth.INFO: [token clair] Une erreur technique est survenue. Merci de réessayer plus tard. {"token":"exXgCIWeYt7RfKk0WQWAvTMVuHSK1fsa7Q8r63CzZKs"} 
[2025-10-01T16:33:18+00:00] auth.INFO: [auth.registration.username_exists] Nom d'utilisateur déjà utilisé. {"username":"Bob"} 
[2025-10-01T16:33:18+00:00] auth.INFO: [auth.registration.email_exists] Cette adresse email est déjà associée à un compte. {"email":"bob@example.com"} 
[2025-10-01T16:33:18+00:00] auth.INFO: [token clair] Une erreur technique est survenue. Merci de réessayer plus tard. {"token":"eMVkOO0olH4PdWJTCRff9ty5j-XTuFIfzl_vyJXk7Xo"} 
[2025-10-01T16:33:18+00:00] auth.WARNING: [auth.registration.failed] Une erreur est survenue lors de votre inscription. {"email":"carl@example.com","username":"Carl"} 
[2025-10-01T16:33:19+00:00] auth.INFO: [token clair] Une erreur technique est survenue. Merci de réessayer plus tard. {"token":"ctql2V1asFGJAb2uwoBVO5lySHexw0ZoJKS9rGlXIA8"} 
[2025-10-01T16:33:19+00:00] auth.ERROR: [auth.technical_error] Une erreur technique est survenue. Merci de réessayer plus tard. {"reason":"create_confirmation_token_failed","user_id":456} 
[2025-10-01T16:33:19+00:00] auth.INFO: [token clair] Une erreur technique est survenue. Merci de réessayer plus tard. {"token":"7kUKxnm3Y3n2-s1VKYZgL-eAiDsHGDDanMSYzsk_vxg"} 
[2025-10-01T16:33:19+00:00] auth.ERROR: [auth.confirmation.send_failed] Impossible d’envoyer l’email de confirmation. Réessayez ci-dessous. {"email":"eve@example.com","user_id":777,"exception":"SMTP down"} 
[2025-10-01T16:33:19+00:00] auth.INFO: [token clair] Une erreur technique est survenue. Merci de réessayer plus tard. {"token":"6C9AKj-uRwEzm4fc_AFP65xF4HOqycTKuF5kysWIYgY"} 
[2025-10-01T16:33:19+00:00] auth.ERROR: [auth.confirmation.send_failed] Impossible d’envoyer l’email de confirmation. Réessayez ci-dessous. {"email":"fox@example.com","user_id":888,"reason":"mailer_returned_false"} 
[2025-10-01T16:33:20+00:00] auth.INFO: [token clair] Une erreur technique est survenue. Merci de réessayer plus tard. {"token":"5ZLaQdmj1xggFwJuwfxZHyChllL7zn3RYynQ4tldn9I"} 
[2025-10-01T16:33:20+00:00] auth.ERROR: [auth.technical_error] Une erreur technique est survenue. Merci de réessayer plus tard. {"reason":"transaction_exception","exception":"Integrity constraint violation: duplicate key on uniq_email"} 
[2025-10-01T16:43:30+00:00] auth.INFO: [token clair] Une erreur technique est survenue. Merci de réessayer plus tard. {"token":"sFmmZ_SjKQpG8kRYZhIce-F1_LHOqzdlhZOmVgctT6s"} 
[2025-10-01T16:43:30+00:00] auth.INFO: [auth.registration.username_exists] Nom d'utilisateur déjà utilisé. {"username":"Bob"} 
[2025-10-01T16:43:30+00:00] auth.INFO: [auth.registration.email_exists] Cette adresse email est déjà associée à un compte. {"email":"bob@example.com"} 
[2025-10-01T16:43:30+00:00] auth.INFO: [token clair] Une erreur technique est survenue. Merci de réessayer plus tard. {"token":"O7GtBmoEKzueKwg0KUmxK_3T881ZbPUAeWUrZLIAEio"} 
[2025-10-01T16:43:30+00:00] auth.WARNING: [auth.registration.failed] Une erreur est survenue lors de votre inscription. {"email":"carl@example.com","username":"Carl"} 
[2025-10-01T16:43:31+00:00] auth.INFO: [token clair] Une erreur technique est survenue. Merci de réessayer plus tard. {"token":"XHRoKntjab6YgRGGqhYme4OCncsa1p6YsF4mjhZddWw"} 
[2025-10-01T16:43:31+00:00] auth.ERROR: [auth.technical_error] Une erreur technique est survenue. Merci de réessayer plus tard. {"reason":"create_confirmation_token_failed","user_id":456} 
[2025-10-01T16:43:31+00:00] auth.INFO: [token clair] Une erreur technique est survenue. Merci de réessayer plus tard. {"token":"MJvix4i1-gyhXCUG0XW43cLwtjIQiZo5RYt6bT2kKI8"} 
[2025-10-01T16:43:31+00:00] auth.ERROR: [auth.confirmation.send_failed] Impossible d’envoyer l’email de confirmation. Réessayez ci-dessous. {"email":"eve@example.com","user_id":777,"exception":"SMTP down"} 
[2025-10-01T16:43:32+00:00] auth.INFO: [token clair] Une erreur technique est survenue. Merci de réessayer plus tard. {"token":"7O4ZQxdl6jymMoECchmRHenTfjiTYE8pP_Wi-5iuESk"} 
[2025-10-01T16:43:32+00:00] auth.ERROR: [auth.confirmation.send_failed] Impossible d’envoyer l’email de confirmation. Réessayez ci-dessous. {"email":"fox@example.com","user_id":888,"reason":"mailer_returned_false"} 
[2025-10-01T16:46:49+00:00] auth.INFO: [token clair] Une erreur technique est survenue. Merci de réessayer plus tard. {"token":"xvtrUhD7I4O8RqCNMinLUAnmDQHeqI70WCudwtspPyI"} 
[2025-10-01T16:46:50+00:00] auth.INFO: [auth.registration.username_exists] Nom d'utilisateur déjà utilisé. {"username":"Bob"} 
[2025-10-01T16:46:50+00:00] auth.INFO: [auth.registration.email_exists] Cette adresse email est déjà associée à un compte. {"email":"bob@example.com"} 
[2025-10-01T16:46:51+00:00] auth.INFO: [token clair] Une erreur technique est survenue. Merci de réessayer plus tard. {"token":"noq7RdhGY_Q-ihsJr-JTRXlb9FKCRNefZvF6F19LFDM"} 
[2025-10-01T16:46:51+00:00] auth.WARNING: [auth.registration.failed] Une erreur est survenue lors de votre inscription. {"email":"carl@example.com","username":"Carl"} 
[2025-10-01T16:46:51+00:00] auth.INFO: [token clair] Une erreur technique est survenue. Merci de réessayer plus tard. {"token":"mjKDA_HFX6uPK6dQ3vW7B3up_l6Q38gQx2bg34kOBos"} 
[2025-10-01T16:46:51+00:00] auth.ERROR: [auth.technical_error] Une erreur technique est survenue. Merci de réessayer plus tard. {"reason":"create_confirmation_token_failed","user_id":456} 
[2025-10-01T16:46:52+00:00] auth.INFO: [token clair] Une erreur technique est survenue. Merci de réessayer plus tard. {"token":"3rh89yf31D-2aikdI4V5p5ve6NycFJ4zZzvwHaRVEt8"} 
[2025-10-01T16:46:52+00:00] auth.ERROR: [auth.confirmation.send_failed] Impossible d’envoyer l’email de confirmation. Réessayez ci-dessous. {"email":"eve@example.com","user_id":777,"exception":"SMTP down"} 
[2025-10-01T16:46:52+00:00] auth.INFO: [token clair] Une erreur technique est survenue. Merci de réessayer plus tard. {"token":"fxRFLjXxKRX1M_sUS6LXGpPUwVdLXbdv4HJaMfXApec"} 
[2025-10-01T16:46:52+00:00] auth.ERROR: [auth.confirmation.send_failed] Impossible d’envoyer l’email de confirmation. Réessayez ci-dessous. {"email":"fox@example.com","user_id":888,"reason":"mailer_returned_false"} 
[2025-10-01T16:51:23+00:00] auth.INFO: [token clair] Une erreur technique est survenue. Merci de réessayer plus tard. {"token":"8zMJd_ua9nkzN77gKoQDpf7LuQ2RxVEC-Yc2kYZYVZg"} 
[2025-10-01T16:51:23+00:00] auth.INFO: [auth.registration.username_exists] Nom d'utilisateur déjà utilisé. {"username":"Bob"} 
[2025-10-01T16:51:23+00:00] auth.INFO: [auth.registration.email_exists] Cette adresse email est déjà associée à un compte. {"email":"bob@example.com"} 
[2025-10-01T16:51:24+00:00] auth.INFO: [token clair] Une erreur technique est survenue. Merci de réessayer plus tard. {"token":"z2hGJLhrm9gGUujhfylHCfHrl77g59yAjxXpt3-usG0"} 
[2025-10-01T16:51:24+00:00] auth.WARNING: [auth.registration.failed] Une erreur est survenue lors de votre inscription. {"email":"carl@example.com","username":"Carl"} 
[2025-10-01T16:51:24+00:00] auth.INFO: [token clair] Une erreur technique est survenue. Merci de réessayer plus tard. {"token":"oI4hNDdgDgv-DFJtQc4ZuRPF18J1023LpVDc4ASUVEM"} 
[2025-10-01T16:51:24+00:00] auth.ERROR: [auth.technical_error] Une erreur technique est survenue. Merci de réessayer plus tard. {"reason":"create_confirmation_token_failed","user_id":456} 
[2025-10-01T16:51:24+00:00] auth.INFO: [token clair] Une erreur technique est survenue. Merci de réessayer plus tard. {"token":"QkCWQgKBG1CLUOFT_OmV5DlAg6lh84GlaSM9RFWoAfc"} 
[2025-10-01T16:51:24+00:00] auth.ERROR: [auth.confirmation.send_failed] Impossible d’envoyer l’email de confirmation. Réessayez ci-dessous. {"email":"eve@example.com","user_id":777,"exception":"SMTP down"} 
[2025-10-01T16:51:25+00:00] auth.INFO: [token clair] Une erreur technique est survenue. Merci de réessayer plus tard. {"token":"KaylHJllzy4s6KbEn_kS7BnFl0r-5rHNmZbdUfaTJZE"} 
[2025-10-01T16:51:25+00:00] auth.ERROR: [auth.confirmation.send_failed] Impossible d’envoyer l’email de confirmation. Réessayez ci-dessous. {"email":"fox@example.com","user_id":888,"reason":"mailer_returned_false"} 
[2025-10-01T16:51:25+00:00] auth.INFO: [token clair] Une erreur technique est survenue. Merci de réessayer plus tard. {"token":"2G3ZLLqjQoUKcxwgHMdeJld_sdxfpSaXjqya_FQvk70"} 
[2025-10-01T16:51:25+00:00] auth.ERROR: [auth.technical_error] Une erreur technique est survenue. Merci de réessayer plus tard. {"reason":"transaction_exception","exception":"Duplicate entry for key uniq_email"} 
[2025-10-01T16:51:25+00:00] auth.INFO: [auth.confirmation.success] Votre compte a été activé avec succès. Vous pouvez maintenant vous connecter. {"user_id":123} 
[2025-10-01T16:51:25+00:00] auth.WARNING: [auth.confirmation.invalid_token] Le lien de confirmation est invalide ou a expiré. Veuillez demander un nouvel envoi. {"reason":"not_found"} 
[2025-10-01T16:51:25+00:00] auth.INFO: [auth.confirmation.already_confirmed] Votre compte est déjà activé. Vous pouvez vous connecter. {"user_id":1,"reason":"status_active"} 
[2025-10-01T16:51:25+00:00] auth.WARNING: [auth.confirmation.invalid_token] Le lien de confirmation est invalide ou a expiré. Veuillez demander un nouvel envoi. {"reason":"expired_and_used_inconsistent_state","user_id":1} 
[2025-10-01T16:51:25+00:00] auth.WARNING: [auth.confirmation.invalid_token] Le lien de confirmation est invalide ou a expiré. Veuillez demander un nouvel envoi. {"reason":"expired_before_activation","user_id":1} 
[2025-10-01T16:51:25+00:00] auth.WARNING: [auth.confirmation.token_used] Ce lien a déjà été utilisé. Votre compte est probablement déjà confirmé. Vous pouvez maintenant vous connecter. {"user_id":1,"reason":"token_used_user_still_inactive"} 
[2025-10-01T16:51:25+00:00] auth.ERROR: [auth.technical_error] Une erreur technique est survenue. Merci de réessayer plus tard. {"reason":"activate_failed_sql_guard","user_id":1} 
[2025-10-01T16:51:25+00:00] auth.INFO: [auth.resend.email_sent] Si un compte existe pour cette adresse, un nouveau lien d’activation vient d’être envoyé. {"email":"ghost@example.com","reason":"user_not_found"} 
[2025-10-01T16:51:25+00:00] auth.INFO: [auth.confirmation.already_confirmed] Votre compte est déjà activé. Vous pouvez vous connecter. {"user_id":111,"email":"zoe@example.com"} 
[2025-10-01T16:51:25+00:00] auth.INFO: [token clair] Une erreur technique est survenue. Merci de réessayer plus tard. {"token":"qX9uuHn2sDf1xx9FMPWWZ-vzgJrIm6d3oWseUZMEBlA"} 
[2025-10-01T16:51:25+00:00] auth.ERROR: [auth.technical_error] Une erreur technique est survenue. Merci de réessayer plus tard. {"user_id":333,"reason":"set_confirmation_token_failed"} 
[2025-10-01T16:51:25+00:00] auth.INFO: [token clair] Une erreur technique est survenue. Merci de réessayer plus tard. {"token":"Y248o7QY5GNSf3BaWdOEgqleFh_COphQ2a-RSS8f9KU"} 
[2025-10-01T16:51:25+00:00] auth.ERROR: [auth.confirmation.send_failed] Impossible d’envoyer l’email de confirmation. Réessayez ci-dessous. {"user_id":444,"email":"neo@example.com","exception":"Email infra down"} 
[2025-10-01T16:51:25+00:00] auth.INFO: [token clair] Une erreur technique est survenue. Merci de réessayer plus tard. {"token":"qs4A3gt0Tyk7aoMXngOroTyoD0coEcL2AunVAYFBlv8"} 
[2025-10-01T16:51:25+00:00] auth.ERROR: [auth.confirmation.send_failed] Impossible d’envoyer l’email de confirmation. Réessayez ci-dessous. {"user_id":555,"email":"uma@example.com","reason":"mailer_returned_false"} 
[2025-10-01T16:51:25+00:00] auth.INFO: [token clair] Une erreur technique est survenue. Merci de réessayer plus tard. {"token":"FFEWqakEYn3CJdc_It4E7PEqvFWdOzUfciWG4CGg_74"} 
[2025-10-01T16:51:25+00:00] auth.INFO: [auth.resend.email_sent] Si un compte existe pour cette adresse, un nouveau lien d’activation vient d’être envoyé. {"user_id":777,"email":"tom@example.com"} 
[2025-10-01T17:00:00+00:00] auth.INFO: [token clair] Une erreur technique est survenue. Merci de réessayer plus tard. {"token":"RgxHkMeChZN3M8Y8tFQdtVw7Ijlc2XIdUe0KyhuHKTI"} 
[2025-10-01T17:00:00+00:00] auth.INFO: [auth.registration.username_exists] Nom d'utilisateur déjà utilisé. {"username":"Bob"} 
[2025-10-01T17:00:00+00:00] auth.INFO: [auth.registration.email_exists] Cette adresse email est déjà associée à un compte. {"email":"bob@example.com"} 
[2025-10-01T17:00:01+00:00] auth.INFO: [token clair] Une erreur technique est survenue. Merci de réessayer plus tard. {"token":"yWNAAoH_eSnPLcuv7-w_5mx6ppEyg3v3isZVQXpxKnk"} 
[2025-10-01T17:00:01+00:00] auth.WARNING: [auth.registration.failed] Une erreur est survenue lors de votre inscription. {"email":"carl@example.com","username":"Carl"} 
[2025-10-01T17:00:01+00:00] auth.INFO: [token clair] Une erreur technique est survenue. Merci de réessayer plus tard. {"token":"aFB9Ye_mTXodC9_u0P2RKloIxsVFrorzP2SRkKJXOK4"} 
[2025-10-01T17:00:01+00:00] auth.ERROR: [auth.technical_error] Une erreur technique est survenue. Merci de réessayer plus tard. {"reason":"create_confirmation_token_failed","user_id":456} 
[2025-10-01T17:00:01+00:00] auth.INFO: [token clair] Une erreur technique est survenue. Merci de réessayer plus tard. {"token":"PohVTueTf8dWKlG2fx5vR3ClRFpNc5gOW8Q5lfbyn0U"} 
[2025-10-01T17:00:01+00:00] auth.ERROR: [auth.confirmation.send_failed] Impossible d’envoyer l’email de confirmation. Réessayez ci-dessous. {"email":"eve@example.com","user_id":777,"exception":"SMTP down"} 
[2025-10-01T17:00:02+00:00] auth.INFO: [token clair] Une erreur technique est survenue. Merci de réessayer plus tard. {"token":"ce16dVNiR374hgDxbJqZBaYaUH3e5c6Y4AtB46zQqY8"} 
[2025-10-01T17:00:02+00:00] auth.ERROR: [auth.confirmation.send_failed] Impossible d’envoyer l’email de confirmation. Réessayez ci-dessous. {"email":"fox@example.com","user_id":888,"reason":"mailer_returned_false"} 
[2025-10-01T17:00:02+00:00] auth.INFO: [token clair] Une erreur technique est survenue. Merci de réessayer plus tard. {"token":"35_2j1IFtm9WUSJcWwfeP-R9TkttGSkHU7dGcEprheA"} 
[2025-10-01T17:00:02+00:00] auth.ERROR: [auth.technical_error] Une erreur technique est survenue. Merci de réessayer plus tard. {"reason":"transaction_exception","exception":"Duplicate entry for key uniq_email"} 
[2025-10-01T17:00:02+00:00] auth.INFO: [auth.confirmation.success] Votre compte a été activé avec succès. Vous pouvez maintenant vous connecter. {"user_id":123} 
[2025-10-01T17:00:02+00:00] auth.WARNING: [auth.confirmation.invalid_token] Le lien de confirmation est invalide ou a expiré. Veuillez demander un nouvel envoi. {"reason":"not_found"} 
[2025-10-01T17:00:02+00:00] auth.INFO: [auth.confirmation.already_confirmed] Votre compte est déjà activé. Vous pouvez vous connecter. {"user_id":1,"reason":"status_active"} 
[2025-10-01T17:00:02+00:00] auth.WARNING: [auth.confirmation.invalid_token] Le lien de confirmation est invalide ou a expiré. Veuillez demander un nouvel envoi. {"reason":"expired_and_used_inconsistent_state","user_id":1} 
[2025-10-01T17:00:02+00:00] auth.WARNING: [auth.confirmation.invalid_token] Le lien de confirmation est invalide ou a expiré. Veuillez demander un nouvel envoi. {"reason":"expired_before_activation","user_id":1} 
[2025-10-01T17:00:02+00:00] auth.WARNING: [auth.confirmation.token_used] Ce lien a déjà été utilisé. Votre compte est probablement déjà confirmé. Vous pouvez maintenant vous connecter. {"user_id":1,"reason":"token_used_user_still_inactive"} 
[2025-10-01T17:00:02+00:00] auth.ERROR: [auth.technical_error] Une erreur technique est survenue. Merci de réessayer plus tard. {"reason":"activate_failed_sql_guard","user_id":1} 
[2025-10-01T17:00:02+00:00] auth.INFO: [auth.resend.email_sent] Si un compte existe pour cette adresse, un nouveau lien d’activation vient d’être envoyé. {"email":"ghost@example.com","reason":"user_not_found"} 
[2025-10-01T17:00:02+00:00] auth.INFO: [auth.confirmation.already_confirmed] Votre compte est déjà activé. Vous pouvez vous connecter. {"user_id":111,"email":"zoe@example.com"} 
[2025-10-01T17:00:02+00:00] auth.INFO: [token clair] Une erreur technique est survenue. Merci de réessayer plus tard. {"token":"H8MgoDxnhIjCdZEYDQ4igzHWdHbwdT_Sp3kQvf9MIBk"} 
[2025-10-01T17:00:02+00:00] auth.ERROR: [auth.technical_error] Une erreur technique est survenue. Merci de réessayer plus tard. {"user_id":333,"reason":"set_confirmation_token_failed"} 
[2025-10-01T17:00:02+00:00] auth.INFO: [token clair] Une erreur technique est survenue. Merci de réessayer plus tard. {"token":"6bXu6Oo_q9gNxJmwTF5o-GnM6_zl_lFTemIocAfcKNI"} 
[2025-10-01T17:00:02+00:00] auth.ERROR: [auth.confirmation.send_failed] Impossible d’envoyer l’email de confirmation. Réessayez ci-dessous. {"user_id":444,"email":"neo@example.com","exception":"Email infra down"} 
[2025-10-01T17:00:02+00:00] auth.INFO: [token clair] Une erreur technique est survenue. Merci de réessayer plus tard. {"token":"YJzc8TggGYQnI4Ptq38yPmnoRpJHgCO1PpIwxfeJ3GU"} 
[2025-10-01T17:00:02+00:00] auth.ERROR: [auth.confirmation.send_failed] Impossible d’envoyer l’email de confirmation. Réessayez ci-dessous. {"user_id":555,"email":"uma@example.com","reason":"mailer_returned_false"} 
[2025-10-01T17:00:03+00:00] auth.INFO: [token clair] Une erreur technique est survenue. Merci de réessayer plus tard. {"token":"d7bbIYZnQSoBfq1gqc4ivRiVGhyXS-YjpwbXXGG2FaY"} 
[2025-10-01T17:00:03+00:00] auth.INFO: [auth.resend.email_sent] Si un compte existe pour cette adresse, un nouveau lien d’activation vient d’être envoyé. {"user_id":777,"email":"tom@example.com"} 
[2025-10-01T17:02:13+00:00] auth.INFO: [token clair] Une erreur technique est survenue. Merci de réessayer plus tard. {"token":"T5jDXIxeC-Or1qxkYMU4rCHTv-iShEs8sCzqxx8nwe0"} 
[2025-10-01T17:02:13+00:00] auth.INFO: [auth.registration.username_exists] Nom d'utilisateur déjà utilisé. {"username":"Bob"} 
[2025-10-01T17:02:13+00:00] auth.INFO: [auth.registration.email_exists] Cette adresse email est déjà associée à un compte. {"email":"bob@example.com"} 
[2025-10-01T17:02:13+00:00] auth.INFO: [token clair] Une erreur technique est survenue. Merci de réessayer plus tard. {"token":"q4jBBKQS0ZNyflIsIRbzAnDAVp9ZftXgCW2MDpHw4Fc"} 
[2025-10-01T17:02:13+00:00] auth.WARNING: [auth.registration.failed] Une erreur est survenue lors de votre inscription. {"email":"carl@example.com","username":"Carl"} 
[2025-10-01T17:02:13+00:00] auth.INFO: [token clair] Une erreur technique est survenue. Merci de réessayer plus tard. {"token":"DGYNynKjDGf9vEOr_x3d4UgHI1gN8JGrBbcDKcBUVlI"} 
[2025-10-01T17:02:13+00:00] auth.ERROR: [auth.technical_error] Une erreur technique est survenue. Merci de réessayer plus tard. {"reason":"create_confirmation_token_failed","user_id":456} 
[2025-10-01T17:02:14+00:00] auth.INFO: [token clair] Une erreur technique est survenue. Merci de réessayer plus tard. {"token":"jwiXy8VCYTsiw7tddu0FCVBxs3b3bqlltgHl-FY3BS0"} 
[2025-10-01T17:02:14+00:00] auth.ERROR: [auth.confirmation.send_failed] Impossible d’envoyer l’email de confirmation. Réessayez ci-dessous. {"email":"eve@example.com","user_id":777,"exception":"SMTP down"} 
[2025-10-01T17:02:14+00:00] auth.INFO: [token clair] Une erreur technique est survenue. Merci de réessayer plus tard. {"token":"meDtRapOhFmt11vixvLuiE6FuQyzrpFZcMheqL_Yphw"} 
[2025-10-01T17:02:14+00:00] auth.ERROR: [auth.confirmation.send_failed] Impossible d’envoyer l’email de confirmation. Réessayez ci-dessous. {"email":"fox@example.com","user_id":888,"reason":"mailer_returned_false"} 
[2025-10-01T17:02:15+00:00] auth.INFO: [token clair] Une erreur technique est survenue. Merci de réessayer plus tard. {"token":"wcwgCax9cUyFxl53AzdTNxa2JIaxnzUOscIBPgeUkgw"} 
[2025-10-01T17:02:15+00:00] auth.ERROR: [auth.technical_error] Une erreur technique est survenue. Merci de réessayer plus tard. {"reason":"transaction_exception","exception":"Duplicate entry for key uniq_email"} 
[2025-10-01T17:02:15+00:00] auth.INFO: [auth.confirmation.success] Votre compte a été activé avec succès. Vous pouvez maintenant vous connecter. {"user_id":123} 
[2025-10-01T17:02:15+00:00] auth.WARNING: [auth.confirmation.invalid_token] Le lien de confirmation est invalide ou a expiré. Veuillez demander un nouvel envoi. {"reason":"not_found"} 
[2025-10-01T17:02:15+00:00] auth.INFO: [auth.confirmation.already_confirmed] Votre compte est déjà activé. Vous pouvez vous connecter. {"user_id":1,"reason":"status_active"} 
[2025-10-01T17:02:15+00:00] auth.WARNING: [auth.confirmation.invalid_token] Le lien de confirmation est invalide ou a expiré. Veuillez demander un nouvel envoi. {"reason":"expired_and_used_inconsistent_state","user_id":1} 
[2025-10-01T17:02:15+00:00] auth.WARNING: [auth.confirmation.invalid_token] Le lien de confirmation est invalide ou a expiré. Veuillez demander un nouvel envoi. {"reason":"expired_before_activation","user_id":1} 
[2025-10-01T17:02:15+00:00] auth.WARNING: [auth.confirmation.token_used] Ce lien a déjà été utilisé. Votre compte est probablement déjà confirmé. Vous pouvez maintenant vous connecter. {"user_id":1,"reason":"token_used_user_still_inactive"} 
[2025-10-01T17:02:15+00:00] auth.ERROR: [auth.technical_error] Une erreur technique est survenue. Merci de réessayer plus tard. {"reason":"activate_failed_sql_guard","user_id":1} 
[2025-10-01T17:02:15+00:00] auth.INFO: [auth.resend.email_sent] Si un compte existe pour cette adresse, un nouveau lien d’activation vient d’être envoyé. {"email":"ghost@example.com","reason":"user_not_found"} 
[2025-10-01T17:02:15+00:00] auth.INFO: [auth.confirmation.already_confirmed] Votre compte est déjà activé. Vous pouvez vous connecter. {"user_id":111,"email":"zoe@example.com"} 
[2025-10-01T17:02:15+00:00] auth.INFO: [token clair] Une erreur technique est survenue. Merci de réessayer plus tard. {"token":"GjaO86AVfDZTih8jp2puOMIN9HtNHOL2hpcs98h439g"} 
[2025-10-01T17:02:15+00:00] auth.ERROR: [auth.technical_error] Une erreur technique est survenue. Merci de réessayer plus tard. {"user_id":333,"reason":"set_confirmation_token_failed"} 
[2025-10-01T17:02:15+00:00] auth.INFO: [token clair] Une erreur technique est survenue. Merci de réessayer plus tard. {"token":"9r87UbwoOFp3YKESpetBUItyXtGv-PUeL-ftvJadOEI"} 
[2025-10-01T17:02:15+00:00] auth.ERROR: [auth.confirmation.send_failed] Impossible d’envoyer l’email de confirmation. Réessayez ci-dessous. {"user_id":444,"email":"neo@example.com","exception":"Email infra down"} 
[2025-10-01T17:02:15+00:00] auth.INFO: [token clair] Une erreur technique est survenue. Merci de réessayer plus tard. {"token":"62pA4SlTnCKWdKr3U9OyRxlkc6jGk2MfBwUAcieJcUc"} 
[2025-10-01T17:02:15+00:00] auth.ERROR: [auth.confirmation.send_failed] Impossible d’envoyer l’email de confirmation. Réessayez ci-dessous. {"user_id":555,"email":"uma@example.com","reason":"mailer_returned_false"} 
[2025-10-01T17:02:15+00:00] auth.INFO: [token clair] Une erreur technique est survenue. Merci de réessayer plus tard. {"token":"PnDmvu7GKr1wTwPWCfON3jQKXVC4Gw8r8GGyUvaTcQM"} 
[2025-10-01T17:02:15+00:00] auth.INFO: [auth.resend.email_sent] Si un compte existe pour cette adresse, un nouveau lien d’activation vient d’être envoyé. {"user_id":777,"email":"tom@example.com"} 
[2025-10-01T17:03:05+00:00] auth.INFO: [token clair] Une erreur technique est survenue. Merci de réessayer plus tard. {"token":"YyBUsB3E3YLYHadJhqttJG-BC7XKkM6e9TtpCL3whBs"} 
[2025-10-01T17:03:05+00:00] auth.INFO: [auth.registration.username_exists] Nom d'utilisateur déjà utilisé. {"username":"Bob"} 
[2025-10-01T17:03:05+00:00] auth.INFO: [auth.registration.email_exists] Cette adresse email est déjà associée à un compte. {"email":"bob@example.com"} 
[2025-10-01T17:03:05+00:00] auth.INFO: [token clair] Une erreur technique est survenue. Merci de réessayer plus tard. {"token":"OtIrwJDQL8MZP5aAluTicwXKw86y9xgjzWgWymDaUnw"} 
[2025-10-01T17:03:05+00:00] auth.WARNING: [auth.registration.failed] Une erreur est survenue lors de votre inscription. {"email":"carl@example.com","username":"Carl"} 
[2025-10-01T17:03:06+00:00] auth.INFO: [token clair] Une erreur technique est survenue. Merci de réessayer plus tard. {"token":"Cg_v1LHr9rbA93XRrlUO_Ej8TaBiOsp8UasDpJIFlGY"} 
[2025-10-01T17:03:06+00:00] auth.ERROR: [auth.technical_error] Une erreur technique est survenue. Merci de réessayer plus tard. {"reason":"create_confirmation_token_failed","user_id":456} 
[2025-10-01T17:03:06+00:00] auth.INFO: [token clair] Une erreur technique est survenue. Merci de réessayer plus tard. {"token":"9J6Vb1Y0JOsu49Z6JQ0zRDUMaejhfFZkASAqIIHmPnw"} 
[2025-10-01T17:03:06+00:00] auth.ERROR: [auth.confirmation.send_failed] Impossible d’envoyer l’email de confirmation. Réessayez ci-dessous. {"email":"eve@example.com","user_id":777,"exception":"SMTP down"} 
[2025-10-01T17:03:07+00:00] auth.INFO: [token clair] Une erreur technique est survenue. Merci de réessayer plus tard. {"token":"Ha8VWSi9XCPWBljz6AC3W6jsKPWHgEqI7qubWLixLuk"} 
[2025-10-01T17:03:07+00:00] auth.ERROR: [auth.confirmation.send_failed] Impossible d’envoyer l’email de confirmation. Réessayez ci-dessous. {"email":"fox@example.com","user_id":888,"reason":"mailer_returned_false"} 
[2025-10-01T17:03:07+00:00] auth.INFO: [token clair] Une erreur technique est survenue. Merci de réessayer plus tard. {"token":"Kn8Img583j9Fnj0_D6NXuvGzu0LI1fPmzpnpjID7iIQ"} 
[2025-10-01T17:03:07+00:00] auth.ERROR: [auth.technical_error] Une erreur technique est survenue. Merci de réessayer plus tard. {"reason":"transaction_exception","exception":"Duplicate entry for key uniq_email"} 
[2025-10-01T17:03:07+00:00] auth.INFO: [auth.confirmation.success] Votre compte a été activé avec succès. Vous pouvez maintenant vous connecter. {"user_id":123} 
[2025-10-01T17:03:07+00:00] auth.WARNING: [auth.confirmation.invalid_token] Le lien de confirmation est invalide ou a expiré. Veuillez demander un nouvel envoi. {"reason":"not_found"} 
[2025-10-01T17:03:07+00:00] auth.INFO: [auth.confirmation.already_confirmed] Votre compte est déjà activé. Vous pouvez vous connecter. {"user_id":1,"reason":"status_active"} 
[2025-10-01T17:03:07+00:00] auth.WARNING: [auth.confirmation.invalid_token] Le lien de confirmation est invalide ou a expiré. Veuillez demander un nouvel envoi. {"reason":"expired_and_used_inconsistent_state","user_id":1} 
[2025-10-01T17:03:07+00:00] auth.WARNING: [auth.confirmation.invalid_token] Le lien de confirmation est invalide ou a expiré. Veuillez demander un nouvel envoi. {"reason":"expired_before_activation","user_id":1} 
[2025-10-01T17:03:07+00:00] auth.WARNING: [auth.confirmation.token_used] Ce lien a déjà été utilisé. Votre compte est probablement déjà confirmé. Vous pouvez maintenant vous connecter. {"user_id":1,"reason":"token_used_user_still_inactive"} 
[2025-10-01T17:03:07+00:00] auth.ERROR: [auth.technical_error] Une erreur technique est survenue. Merci de réessayer plus tard. {"reason":"activate_failed_sql_guard","user_id":1} 
[2025-10-01T17:03:07+00:00] auth.INFO: [auth.resend.email_sent] Si un compte existe pour cette adresse, un nouveau lien d’activation vient d’être envoyé. {"email":"ghost@example.com","reason":"user_not_found"} 
[2025-10-01T17:03:07+00:00] auth.INFO: [auth.confirmation.already_confirmed] Votre compte est déjà activé. Vous pouvez vous connecter. {"user_id":111,"email":"zoe@example.com"} 
[2025-10-01T17:03:07+00:00] auth.INFO: [token clair] Une erreur technique est survenue. Merci de réessayer plus tard. {"token":"IAU_xvz6DWymgCW5MPCov0Q3ytHdVrhfwVmL3ZFfFRA"} 
[2025-10-01T17:03:07+00:00] auth.ERROR: [auth.technical_error] Une erreur technique est survenue. Merci de réessayer plus tard. {"user_id":333,"reason":"set_confirmation_token_failed"} 
[2025-10-01T17:03:07+00:00] auth.INFO: [token clair] Une erreur technique est survenue. Merci de réessayer plus tard. {"token":"jESckJOuIYWbhERc6yYqywxGG91StPc5xz1aWceEuAE"} 
[2025-10-01T17:03:07+00:00] auth.ERROR: [auth.confirmation.send_failed] Impossible d’envoyer l’email de confirmation. Réessayez ci-dessous. {"user_id":444,"email":"neo@example.com","exception":"Email infra down"} 
[2025-10-01T17:03:07+00:00] auth.INFO: [token clair] Une erreur technique est survenue. Merci de réessayer plus tard. {"token":"t58zaCr6wig_cKpXAt4eslYAcAjvs0WvDjsQFUVRPC8"} 
[2025-10-01T17:03:07+00:00] auth.ERROR: [auth.confirmation.send_failed] Impossible d’envoyer l’email de confirmation. Réessayez ci-dessous. {"user_id":555,"email":"uma@example.com","reason":"mailer_returned_false"} 
[2025-10-01T17:03:07+00:00] auth.INFO: [token clair] Une erreur technique est survenue. Merci de réessayer plus tard. {"token":"1PaDHye7wq0EXQfLMhzCMq0isduDHFBbJITKviRkoVs"} 
[2025-10-01T17:03:07+00:00] auth.INFO: [auth.resend.email_sent] Si un compte existe pour cette adresse, un nouveau lien d’activation vient d’être envoyé. {"user_id":777,"email":"tom@example.com"} 
[2025-10-01T17:04:02+00:00] auth.INFO: [token clair] Une erreur technique est survenue. Merci de réessayer plus tard. {"token":"73GT-J9iPiXdE0K2wIxD6BkcQzlLM4WSpOnPGcbC_Xw"} 
[2025-10-01T17:04:02+00:00] auth.INFO: [auth.registration.username_exists] Nom d'utilisateur déjà utilisé. {"username":"Bob"} 
[2025-10-01T17:04:02+00:00] auth.INFO: [auth.registration.email_exists] Cette adresse email est déjà associée à un compte. {"email":"bob@example.com"} 
[2025-10-01T17:04:03+00:00] auth.INFO: [token clair] Une erreur technique est survenue. Merci de réessayer plus tard. {"token":"hz4Ao0l1ydPVEeHRXwQPJC2GINiB4kbjcB6T5KE94Bc"} 
[2025-10-01T17:04:03+00:00] auth.WARNING: [auth.registration.failed] Une erreur est survenue lors de votre inscription. {"email":"carl@example.com","username":"Carl"} 
[2025-10-01T17:04:03+00:00] auth.INFO: [token clair] Une erreur technique est survenue. Merci de réessayer plus tard. {"token":"6KzSN6bOyEH7gNBNWo0WiEVhfifTQSL7glkxUjiHC0E"} 
[2025-10-01T17:04:03+00:00] auth.ERROR: [auth.technical_error] Une erreur technique est survenue. Merci de réessayer plus tard. {"reason":"create_confirmation_token_failed","user_id":456} 
[2025-10-01T17:04:03+00:00] auth.INFO: [token clair] Une erreur technique est survenue. Merci de réessayer plus tard. {"token":"l6s_BZ4e3zkFxuXLCENcNFHzR9HnmelQuVOAqEtz7j4"} 
[2025-10-01T17:04:03+00:00] auth.ERROR: [auth.confirmation.send_failed] Impossible d’envoyer l’email de confirmation. Réessayez ci-dessous. {"email":"eve@example.com","user_id":777,"exception":"SMTP down"} 
[2025-10-01T17:04:04+00:00] auth.INFO: [token clair] Une erreur technique est survenue. Merci de réessayer plus tard. {"token":"PA59uuQCvEMp3RQG7OIqQFs1awDqiAaGFzXW_z6qmPY"} 
[2025-10-01T17:04:04+00:00] auth.ERROR: [auth.confirmation.send_failed] Impossible d’envoyer l’email de confirmation. Réessayez ci-dessous. {"email":"fox@example.com","user_id":888,"reason":"mailer_returned_false"} 
[2025-10-01T17:04:04+00:00] auth.INFO: [token clair] Une erreur technique est survenue. Merci de réessayer plus tard. {"token":"pUsf5Bfd9iRgGYsP2Gwn32pQqxllWcZNXnf1_vEsas4"} 
[2025-10-01T17:04:04+00:00] auth.ERROR: [auth.technical_error] Une erreur technique est survenue. Merci de réessayer plus tard. {"reason":"transaction_exception","exception":"Integrity constraint violation: duplicate key on uniq_email"} 
[2025-10-01T17:04:04+00:00] auth.INFO: [auth.confirmation.success] Votre compte a été activé avec succès. Vous pouvez maintenant vous connecter. {"user_id":123} 
[2025-10-01T17:04:04+00:00] auth.WARNING: [auth.confirmation.invalid_token] Le lien de confirmation est invalide ou a expiré. Veuillez demander un nouvel envoi. {"reason":"not_found"} 
[2025-10-01T17:04:04+00:00] auth.INFO: [auth.confirmation.already_confirmed] Votre compte est déjà activé. Vous pouvez vous connecter. {"user_id":1,"reason":"status_active"} 
[2025-10-01T17:04:04+00:00] auth.WARNING: [auth.confirmation.invalid_token] Le lien de confirmation est invalide ou a expiré. Veuillez demander un nouvel envoi. {"reason":"expired_and_used_inconsistent_state","user_id":1} 
[2025-10-01T17:04:04+00:00] auth.WARNING: [auth.confirmation.invalid_token] Le lien de confirmation est invalide ou a expiré. Veuillez demander un nouvel envoi. {"reason":"expired_before_activation","user_id":1} 
[2025-10-01T17:04:04+00:00] auth.WARNING: [auth.confirmation.token_used] Ce lien a déjà été utilisé. Votre compte est probablement déjà confirmé. Vous pouvez maintenant vous connecter. {"user_id":1,"reason":"token_used_user_still_inactive"} 
[2025-10-01T17:04:04+00:00] auth.ERROR: [auth.technical_error] Une erreur technique est survenue. Merci de réessayer plus tard. {"reason":"activate_failed_sql_guard","user_id":1} 
[2025-10-01T17:04:04+00:00] auth.INFO: [auth.resend.email_sent] Si un compte existe pour cette adresse, un nouveau lien d’activation vient d’être envoyé. {"email":"ghost@example.com","reason":"user_not_found"} 
[2025-10-01T17:04:04+00:00] auth.INFO: [auth.confirmation.already_confirmed] Votre compte est déjà activé. Vous pouvez vous connecter. {"user_id":111,"email":"zoe@example.com"} 
[2025-10-01T17:04:04+00:00] auth.INFO: [token clair] Une erreur technique est survenue. Merci de réessayer plus tard. {"token":"RdeGTyVFi3QUkxSZWjEaEiJA2XVUSYIei_OxOYCUimk"} 
[2025-10-01T17:04:04+00:00] auth.ERROR: [auth.technical_error] Une erreur technique est survenue. Merci de réessayer plus tard. {"user_id":333,"reason":"set_confirmation_token_failed"} 
[2025-10-01T17:04:04+00:00] auth.INFO: [token clair] Une erreur technique est survenue. Merci de réessayer plus tard. {"token":"XWvcFHJM_wElyRexeLwQV1I73x4nGz64hwVw_7NvucA"} 
[2025-10-01T17:04:04+00:00] auth.ERROR: [auth.confirmation.send_failed] Impossible d’envoyer l’email de confirmation. Réessayez ci-dessous. {"user_id":444,"email":"neo@example.com","exception":"Email infra down"} 
[2025-10-01T17:04:05+00:00] auth.INFO: [token clair] Une erreur technique est survenue. Merci de réessayer plus tard. {"token":"TCRnMJfNkyilJ6IOtyLYaFZyba3FJLoWlWqHeg07WM0"} 
[2025-10-01T17:04:05+00:00] auth.ERROR: [auth.confirmation.send_failed] Impossible d’envoyer l’email de confirmation. Réessayez ci-dessous. {"user_id":555,"email":"uma@example.com","reason":"mailer_returned_false"} 
[2025-10-01T17:04:05+00:00] auth.INFO: [token clair] Une erreur technique est survenue. Merci de réessayer plus tard. {"token":"47VYy4WuC1MzS8FCjJ1ORksc23tBig5mnhH7_Mu7x20"} 
[2025-10-01T17:04:05+00:00] auth.INFO: [auth.resend.email_sent] Si un compte existe pour cette adresse, un nouveau lien d’activation vient d’être envoyé. {"user_id":777,"email":"tom@example.com"} 
[2025-10-01T17:11:01+00:00] auth.INFO: [token clair] Une erreur technique est survenue. Merci de réessayer plus tard. {"token":"Qh0T25ZOsyYq1xTo2O5a75aIQ54AcTq6CTEBvn-fCQM"} 
[2025-10-01T17:11:01+00:00] auth.INFO: [auth.registration.username_exists] Nom d'utilisateur déjà utilisé. {"username":"Bob"} 
[2025-10-01T17:11:01+00:00] auth.INFO: [auth.registration.email_exists] Cette adresse email est déjà associée à un compte. {"email":"bob@example.com"} 
[2025-10-01T17:11:02+00:00] auth.INFO: [token clair] Une erreur technique est survenue. Merci de réessayer plus tard. {"token":"hTs3RR6-feQElqRpsD1wXNgtdDWBnK8QcdZL7v5UOEg"} 
[2025-10-01T17:11:02+00:00] auth.WARNING: [auth.registration.failed] Une erreur est survenue lors de votre inscription. {"email":"carl@example.com","username":"Carl"} 
[2025-10-01T17:11:02+00:00] auth.INFO: [token clair] Une erreur technique est survenue. Merci de réessayer plus tard. {"token":"2-w0ricApPp7kUEJq6y2NWiaOqmKcyQMgFJ9rb9D59I"} 
[2025-10-01T17:11:02+00:00] auth.ERROR: [auth.technical_error] Une erreur technique est survenue. Merci de réessayer plus tard. {"reason":"create_confirmation_token_failed","user_id":456} 
[2025-10-01T17:11:02+00:00] auth.INFO: [token clair] Une erreur technique est survenue. Merci de réessayer plus tard. {"token":"EqTBnMx1c0ngHGtaAOyEIBtpzLutDCayeFfO0Xpz-7M"} 
[2025-10-01T17:11:02+00:00] auth.ERROR: [auth.confirmation.send_failed] Impossible d’envoyer l’email de confirmation. Réessayez ci-dessous. {"email":"eve@example.com","user_id":777,"exception":"SMTP down"} 
[2025-10-01T17:11:03+00:00] auth.INFO: [token clair] Une erreur technique est survenue. Merci de réessayer plus tard. {"token":"r1-eAOYZXPStJkzilpKuqZ40L8fPXxP0PjJjuS2DWpo"} 
[2025-10-01T17:11:03+00:00] auth.ERROR: [auth.confirmation.send_failed] Impossible d’envoyer l’email de confirmation. Réessayez ci-dessous. {"email":"fox@example.com","user_id":888,"reason":"mailer_returned_false"} 
[2025-10-01T17:11:03+00:00] auth.INFO: [token clair] Une erreur technique est survenue. Merci de réessayer plus tard. {"token":"tGSx4zpHqkfFj2hmOg-NK8J4vACS7-RP8uoyf5VFzyQ"} 
[2025-10-01T17:11:03+00:00] auth.ERROR: [auth.technical_error] Une erreur technique est survenue. Merci de réessayer plus tard. {"reason":"transaction_exception","exception":"Integrity constraint violation: duplicate key on uniq_email"} 
[2025-10-01T17:14:07+00:00] auth.INFO: [token clair] Une erreur technique est survenue. Merci de réessayer plus tard. {"token":"h4-jUkmGYr09RFWS1vup-EzCz9RGABt1x-f4z52rXUE"} 
[2025-10-01T17:14:07+00:00] auth.ERROR: [auth.technical_error] Une erreur technique est survenue. Merci de réessayer plus tard. {"reason":"transaction_exception","exception":"Integrity constraint violation: duplicate key on uniq_email"} 
[2025-10-01T17:19:09+00:00] auth.INFO: [token clair] Une erreur technique est survenue. Merci de réessayer plus tard. {"token":"-nj5jAETnEDl8-cSmKQ8cji8nEcVsq1B1UY9kXGAsz0"} 
[2025-10-01T17:19:09+00:00] auth.ERROR: [auth.technical_error] Une erreur technique est survenue. Merci de réessayer plus tard. {"reason":"transaction_exception","exception":"Duplicate entry for key uniq_email"} 
