[2025-08-29T08:43:20+00:00] error.ERROR: Uncaught exception {"message":"Cannot create service 'App\\Controller\\SecurityController': Cannot create service 'App\\Service\\SecurityService': Too few arguments to function App\\Service\\SecurityService::__construct(), 3 passed in C:\\wamp64\\www\\coding-blog\\app\\Core\\Container\\Provider\\UserServiceProvider.php on line 23 and exactly 4 expected","file":"C:\\wamp64\\www\\coding-blog\\app\\Core\\Container\\AppContainer.php","line":50,"trace":"#0 C:\\wamp64\\www\\coding-blog\\app\\Core\\PsrControllerFactory.php(13): App\\Core\\Container\\AppContainer->get('App\\\\Controller\\\\...')
#1 C:\\wamp64\\www\\coding-blog\\app\\Core\\Router.php(97): App\\Core\\PsrControllerFactory->create('App\\\\Controller\\\\...')
#2 C:\\wamp64\\www\\coding-blog\\app\\Core\\Router.php(58): App\\Core\\Router->dispatch('/register')
#3 C:\\wamp64\\www\\coding-blog\\public\\index.php(69): App\\Core\\Router->handleRequest()
#4 {main}"} 
[2025-08-29T09:10:07+00:00] error.ERROR: Uncaught exception {"message":"Cannot create service 'App\\Controller\\SecurityController': Cannot create service 'App\\Service\\SecurityService': Too few arguments to function App\\Service\\SecurityService::__construct(), 3 passed in C:\\wamp64\\www\\coding-blog\\app\\Core\\Container\\Provider\\UserServiceProvider.php on line 23 and exactly 5 expected","file":"C:\\wamp64\\www\\coding-blog\\app\\Core\\Container\\AppContainer.php","line":50,"trace":"#0 C:\\wamp64\\www\\coding-blog\\app\\Core\\PsrControllerFactory.php(13): App\\Core\\Container\\AppContainer->get('App\\\\Controller\\\\...')
#1 C:\\wamp64\\www\\coding-blog\\app\\Core\\Router.php(97): App\\Core\\PsrControllerFactory->create('App\\\\Controller\\\\...')
#2 C:\\wamp64\\www\\coding-blog\\app\\Core\\Router.php(58): App\\Core\\Router->dispatch('/register')
#3 C:\\wamp64\\www\\coding-blog\\public\\index.php(69): App\\Core\\Router->handleRequest()
#4 {main}"} 
[2025-08-29T09:23:03+00:00] error.ERROR: Uncaught exception {"message":"Cannot create service 'App\\Controller\\SecurityController': Cannot create service 'App\\Service\\SecurityService': Too few arguments to function App\\Service\\SecurityService::__construct(), 3 passed in C:\\wamp64\\www\\coding-blog\\app\\Core\\Container\\Provider\\UserServiceProvider.php on line 23 and exactly 5 expected","file":"C:\\wamp64\\www\\coding-blog\\app\\Core\\Container\\AppContainer.php","line":50,"trace":"#0 C:\\wamp64\\www\\coding-blog\\app\\Core\\PsrControllerFactory.php(13): App\\Core\\Container\\AppContainer->get('App\\\\Controller\\\\...')
#1 C:\\wamp64\\www\\coding-blog\\app\\Core\\Router.php(97): App\\Core\\PsrControllerFactory->create('App\\\\Controller\\\\...')
#2 C:\\wamp64\\www\\coding-blog\\app\\Core\\Router.php(58): App\\Core\\Router->dispatch('/register')
#3 C:\\wamp64\\www\\coding-blog\\public\\index.php(69): App\\Core\\Router->handleRequest()
#4 {main}"} 
[2025-08-29T13:16:40+00:00] error.ERROR: Uncaught exception {"message":"Cannot create service 'App\\Controller\\SecurityController': Cannot create service 'App\\Service\\SecurityService': Too few arguments to function App\\Service\\SecurityService::__construct(), 3 passed in C:\\wamp64\\www\\coding-blog\\app\\Core\\Container\\Provider\\UserServiceProvider.php on line 23 and exactly 5 expected","file":"C:\\wamp64\\www\\coding-blog\\app\\Core\\Container\\AppContainer.php","line":50,"trace":"#0 C:\\wamp64\\www\\coding-blog\\app\\Core\\PsrControllerFactory.php(13): App\\Core\\Container\\AppContainer->get('App\\\\Controller\\\\...')
#1 C:\\wamp64\\www\\coding-blog\\app\\Core\\Router.php(97): App\\Core\\PsrControllerFactory->create('App\\\\Controller\\\\...')
#2 C:\\wamp64\\www\\coding-blog\\app\\Core\\Router.php(58): App\\Core\\Router->dispatch('/register')
#3 C:\\wamp64\\www\\coding-blog\\public\\index.php(69): App\\Core\\Router->handleRequest()
#4 {main}"} 
[2025-08-29T14:15:09+00:00] error.ERROR: Uncaught exception {"message":"Cannot create service 'App\\Controller\\SecurityController': Cannot create service 'App\\Service\\SecurityService': Too few arguments to function App\\Service\\SecurityService::__construct(), 3 passed in C:\\wamp64\\www\\coding-blog\\app\\Core\\Container\\Provider\\UserServiceProvider.php on line 23 and exactly 5 expected","file":"C:\\wamp64\\www\\coding-blog\\app\\Core\\Container\\AppContainer.php","line":50,"trace":"#0 C:\\wamp64\\www\\coding-blog\\app\\Core\\PsrControllerFactory.php(13): App\\Core\\Container\\AppContainer->get('App\\\\Controller\\\\...')
#1 C:\\wamp64\\www\\coding-blog\\app\\Core\\Router.php(97): App\\Core\\PsrControllerFactory->create('App\\\\Controller\\\\...')
#2 C:\\wamp64\\www\\coding-blog\\app\\Core\\Router.php(58): App\\Core\\Router->dispatch('/register')
#3 C:\\wamp64\\www\\coding-blog\\public\\index.php(69): App\\Core\\Router->handleRequest()
#4 {main}"} 
[2025-08-29T14:43:06+00:00] error.ERROR: Uncaught exception {"message":"Cannot create service 'App\\Controller\\SecurityController': Cannot create service 'App\\Service\\SecurityService': Too few arguments to function App\\Service\\SecurityService::__construct(), 3 passed in C:\\wamp64\\www\\coding-blog\\app\\Core\\Container\\Provider\\UserServiceProvider.php on line 23 and exactly 5 expected","file":"C:\\wamp64\\www\\coding-blog\\app\\Core\\Container\\AppContainer.php","line":50,"trace":"#0 C:\\wamp64\\www\\coding-blog\\app\\Core\\PsrControllerFactory.php(13): App\\Core\\Container\\AppContainer->get('App\\\\Controller\\\\...')
#1 C:\\wamp64\\www\\coding-blog\\app\\Core\\Router.php(97): App\\Core\\PsrControllerFactory->create('App\\\\Controller\\\\...')
#2 C:\\wamp64\\www\\coding-blog\\app\\Core\\Router.php(58): App\\Core\\Router->dispatch('/register')
#3 C:\\wamp64\\www\\coding-blog\\public\\index.php(69): App\\Core\\Router->handleRequest()
#4 {main}"} 
[2025-08-29T14:53:49+00:00] error.ERROR: Uncaught exception {"message":"Cannot create service 'App\\Controller\\SecurityController': Cannot create service 'App\\Service\\SecurityService': Cannot create service 'App\\Core\\Security\\TokenGenerator': Class \"App\\Core\\Security\\TokenGenerator\" not found","file":"C:\\wamp64\\www\\coding-blog\\app\\Core\\Container\\AppContainer.php","line":50,"trace":"#0 C:\\wamp64\\www\\coding-blog\\app\\Core\\PsrControllerFactory.php(13): App\\Core\\Container\\AppContainer->get('App\\\\Controller\\\\...')
#1 C:\\wamp64\\www\\coding-blog\\app\\Core\\Router.php(97): App\\Core\\PsrControllerFactory->create('App\\\\Controller\\\\...')
#2 C:\\wamp64\\www\\coding-blog\\app\\Core\\Router.php(58): App\\Core\\Router->dispatch('/register')
#3 C:\\wamp64\\www\\coding-blog\\public\\index.php(69): App\\Core\\Router->handleRequest()
#4 {main}"} 
[2025-08-29T14:53:51+00:00] error.ERROR: Uncaught exception {"message":"Cannot create service 'App\\Controller\\SecurityController': Cannot create service 'App\\Service\\SecurityService': Cannot create service 'App\\Core\\Security\\TokenGenerator': Class \"App\\Core\\Security\\TokenGenerator\" not found","file":"C:\\wamp64\\www\\coding-blog\\app\\Core\\Container\\AppContainer.php","line":50,"trace":"#0 C:\\wamp64\\www\\coding-blog\\app\\Core\\PsrControllerFactory.php(13): App\\Core\\Container\\AppContainer->get('App\\\\Controller\\\\...')
#1 C:\\wamp64\\www\\coding-blog\\app\\Core\\Router.php(97): App\\Core\\PsrControllerFactory->create('App\\\\Controller\\\\...')
#2 C:\\wamp64\\www\\coding-blog\\app\\Core\\Router.php(58): App\\Core\\Router->dispatch('/register')
#3 C:\\wamp64\\www\\coding-blog\\public\\index.php(69): App\\Core\\Router->handleRequest()
#4 {main}"} 
[2025-08-29T14:54:59+00:00] error.ERROR: Uncaught exception {"message":"Cannot create service 'App\\Controller\\SecurityController': Cannot create service 'App\\Service\\SecurityService': Cannot create service 'App\\Core\\Security\\TokenGenerator': Class \"App\\Core\\Security\\TokenGenerator\" not found","file":"C:\\wamp64\\www\\coding-blog\\app\\Core\\Container\\AppContainer.php","line":50,"trace":"#0 C:\\wamp64\\www\\coding-blog\\app\\Core\\PsrControllerFactory.php(13): App\\Core\\Container\\AppContainer->get('App\\\\Controller\\\\...')
#1 C:\\wamp64\\www\\coding-blog\\app\\Core\\Router.php(97): App\\Core\\PsrControllerFactory->create('App\\\\Controller\\\\...')
#2 C:\\wamp64\\www\\coding-blog\\app\\Core\\Router.php(58): App\\Core\\Router->dispatch('/register')
#3 C:\\wamp64\\www\\coding-blog\\public\\index.php(69): App\\Core\\Router->handleRequest()
#4 {main}"} 
[2025-08-29T15:08:31+00:00] error.ERROR: Uncaught exception {"message":"Cannot create service 'App\\Controller\\SecurityController': Cannot create service 'App\\Service\\SecurityService': Cannot create service 'App\\Core\\Security\\TokenGenerator': Class \"App\\Core\\Security\\TokenGenerator\" not found","file":"C:\\wamp64\\www\\coding-blog\\app\\Core\\Container\\AppContainer.php","line":50,"trace":"#0 C:\\wamp64\\www\\coding-blog\\app\\Core\\PsrControllerFactory.php(13): App\\Core\\Container\\AppContainer->get('App\\\\Controller\\\\...')
#1 C:\\wamp64\\www\\coding-blog\\app\\Core\\Router.php(97): App\\Core\\PsrControllerFactory->create('App\\\\Controller\\\\...')
#2 C:\\wamp64\\www\\coding-blog\\app\\Core\\Router.php(58): App\\Core\\Router->dispatch('/register')
#3 C:\\wamp64\\www\\coding-blog\\public\\index.php(69): App\\Core\\Router->handleRequest()
#4 {main}"} 
[2025-08-29T15:15:40+00:00] error.ERROR: Uncaught exception {"message":"Cannot create service 'App\\Controller\\SecurityController': Cannot create service 'App\\Service\\SecurityService': Cannot create service 'App\\Core\\Security\\TokenGenerator': Class \"App\\Core\\Security\\TokenGenerator\" not found","file":"C:\\wamp64\\www\\coding-blog\\app\\Core\\Container\\AppContainer.php","line":50,"trace":"#0 C:\\wamp64\\www\\coding-blog\\app\\Core\\PsrControllerFactory.php(13): App\\Core\\Container\\AppContainer->get('App\\\\Controller\\\\...')
#1 C:\\wamp64\\www\\coding-blog\\app\\Core\\Router.php(97): App\\Core\\PsrControllerFactory->create('App\\\\Controller\\\\...')
#2 C:\\wamp64\\www\\coding-blog\\app\\Core\\Router.php(58): App\\Core\\Router->dispatch('/register')
#3 C:\\wamp64\\www\\coding-blog\\public\\index.php(69): App\\Core\\Router->handleRequest()
#4 {main}"} 
[2025-08-29T15:16:08+00:00] error.ERROR: Uncaught exception {"message":"Cannot create service 'App\\Controller\\SecurityController': Cannot create service 'App\\Service\\SecurityService': App\\Service\\SecurityService::__construct(): Argument #5 ($tokenGen) must be of type App\\Core\\Security\\TokenGenerator, App\\Security\\TokenGenerator given, called in C:\\wamp64\\www\\coding-blog\\app\\Core\\Container\\Provider\\UserServiceProvider.php on line 25","file":"C:\\wamp64\\www\\coding-blog\\app\\Core\\Container\\AppContainer.php","line":50,"trace":"#0 C:\\wamp64\\www\\coding-blog\\app\\Core\\PsrControllerFactory.php(13): App\\Core\\Container\\AppContainer->get('App\\\\Controller\\\\...')
#1 C:\\wamp64\\www\\coding-blog\\app\\Core\\Router.php(97): App\\Core\\PsrControllerFactory->create('App\\\\Controller\\\\...')
#2 C:\\wamp64\\www\\coding-blog\\app\\Core\\Router.php(58): App\\Core\\Router->dispatch('/register')
#3 C:\\wamp64\\www\\coding-blog\\public\\index.php(69): App\\Core\\Router->handleRequest()
#4 {main}"} 
