[2025-09-13T09:18:51+00:00] error.ERROR: Uncaught exception {"message":"Unknown \"asset\" function in \"templates/layouts/base.html.twig\" at line 17.","file":"C:\\wamp64\\www\\coding-blog\\app\\Views\\templates\\layouts\\base.html.twig","line":17,"trace":"#0 C:\\wamp64\\www\\coding-blog\\vendor\\twig\\twig\\src\\ExpressionParser\\Infix\\FunctionExpressionParser.php(51): Twig\\Parser->getFunction('asset', 17)
#1 C:\\wamp64\\www\\coding-blog\\vendor\\twig\\twig\\src\\Parser.php(384): Twig\\ExpressionParser\\Infix\\FunctionExpressionParser->parse(Object(Twig\\Parser), Object(Twig\\Node\\Expression\\Variable\\ContextVariable), Object(Twig\\Token))
#2 C:\\wamp64\\www\\coding-blog\\vendor\\twig\\twig\\src\\Parser.php(174): Twig\\Parser->parseExpression()
#3 C:\\wamp64\\www\\coding-blog\\vendor\\twig\\twig\\src\\Parser.php(101): Twig\\Parser->subparse(NULL, false)
#4 C:\\wamp64\\www\\coding-blog\\vendor\\twig\\twig\\src\\Environment.php(558): Twig\\Parser->parse(Object(Twig\\TokenStream))
#5 C:\\wamp64\\www\\coding-blog\\vendor\\twig\\twig\\src\\Environment.php(589): Twig\\Environment->parse(Object(Twig\\TokenStream))
#6 C:\\wamp64\\www\\coding-blog\\vendor\\twig\\twig\\src\\Environment.php(408): Twig\\Environment->compileSource(Object(Twig\\Source))
#7 C:\\wamp64\\www\\coding-blog\\vendor\\twig\\twig\\src\\Template.php(293): Twig\\Environment->loadTemplate('__TwigTemplate_...', 'templates/layou...', NULL)
#8 C:\\wamp64\\www\\coding-blog\\vendor\\twig\\twig\\src\\Environment.php(420) : eval()'d code(47): Twig\\Template->load('templates/layou...', 1)
#9 C:\\wamp64\\www\\coding-blog\\vendor\\twig\\twig\\src\\Template.php(402): __TwigTemplate_e1fd4d1d2b35b483a2ec2b649d986be5->doDisplay(Array, Array)
#10 C:\\wamp64\\www\\coding-blog\\vendor\\twig\\twig\\src\\Template.php(358): Twig\\Template->yield(Array, Array)
#11 C:\\wamp64\\www\\coding-blog\\vendor\\twig\\twig\\src\\Template.php(373): Twig\\Template->display(Array)
#12 C:\\wamp64\\www\\coding-blog\\vendor\\twig\\twig\\src\\TemplateWrapper.php(51): Twig\\Template->render(Array)
#13 C:\\wamp64\\www\\coding-blog\\vendor\\twig\\twig\\src\\Environment.php(333): Twig\\TemplateWrapper->render(Array)
#14 C:\\wamp64\\www\\coding-blog\\app\\Core\\View.php(52): Twig\\Environment->render('security/regist...', Array)
#15 C:\\wamp64\\www\\coding-blog\\app\\Controller\\BaseController.php(30): App\\Core\\View->render('security/regist...', Array)
#16 C:\\wamp64\\www\\coding-blog\\app\\Controller\\SecurityController.php(40): App\\Controller\\BaseController->render('security/regist...', Array)
#17 C:\\wamp64\\www\\coding-blog\\app\\Core\\Router.php(99): App\\Controller\\SecurityController->register()
#18 C:\\wamp64\\www\\coding-blog\\app\\Core\\Router.php(58): App\\Core\\Router->dispatch('/register')
#19 C:\\wamp64\\www\\coding-blog\\public\\index.php(69): App\\Core\\Router->handleRequest()
#20 {main}"} 
[2025-09-13T13:17:26+00:00] error.ERROR: Uncaught exception {"message":"The block 'title' has already been defined line 6 in \"templates/layouts/base.html.twig\" at line 15.","file":"C:\\wamp64\\www\\coding-blog\\app\\Views\\templates\\layouts\\base.html.twig","line":15,"trace":"#0 C:\\wamp64\\www\\coding-blog\\vendor\\twig\\twig\\src\\TokenParser\\BlockTokenParser.php(41): Twig\\Parser->setBlock('title', Object(Twig\\Node\\BlockNode))
#1 C:\\wamp64\\www\\coding-blog\\vendor\\twig\\twig\\src\\Parser.php(218): Twig\\TokenParser\\BlockTokenParser->parse(Object(Twig\\Token))
#2 C:\\wamp64\\www\\coding-blog\\vendor\\twig\\twig\\src\\Parser.php(101): Twig\\Parser->subparse(NULL, false)
#3 C:\\wamp64\\www\\coding-blog\\vendor\\twig\\twig\\src\\Environment.php(558): Twig\\Parser->parse(Object(Twig\\TokenStream))
#4 C:\\wamp64\\www\\coding-blog\\vendor\\twig\\twig\\src\\Environment.php(589): Twig\\Environment->parse(Object(Twig\\TokenStream))
#5 C:\\wamp64\\www\\coding-blog\\vendor\\twig\\twig\\src\\Environment.php(408): Twig\\Environment->compileSource(Object(Twig\\Source))
#6 C:\\wamp64\\www\\coding-blog\\vendor\\twig\\twig\\src\\Template.php(293): Twig\\Environment->loadTemplate('__TwigTemplate_...', 'templates/layou...', NULL)
#7 C:\\wamp64\\www\\coding-blog\\vendor\\twig\\twig\\src\\Environment.php(420) : eval()'d code(47): Twig\\Template->load('templates/layou...', 1)
#8 C:\\wamp64\\www\\coding-blog\\vendor\\twig\\twig\\src\\Template.php(402): __TwigTemplate_e1fd4d1d2b35b483a2ec2b649d986be5->doDisplay(Array, Array)
#9 C:\\wamp64\\www\\coding-blog\\vendor\\twig\\twig\\src\\Template.php(358): Twig\\Template->yield(Array, Array)
#10 C:\\wamp64\\www\\coding-blog\\vendor\\twig\\twig\\src\\Template.php(373): Twig\\Template->display(Array)
#11 C:\\wamp64\\www\\coding-blog\\vendor\\twig\\twig\\src\\TemplateWrapper.php(51): Twig\\Template->render(Array)
#12 C:\\wamp64\\www\\coding-blog\\vendor\\twig\\twig\\src\\Environment.php(333): Twig\\TemplateWrapper->render(Array)
#13 C:\\wamp64\\www\\coding-blog\\app\\Core\\View.php(52): Twig\\Environment->render('security/regist...', Array)
#14 C:\\wamp64\\www\\coding-blog\\app\\Controller\\BaseController.php(30): App\\Core\\View->render('security/regist...', Array)
#15 C:\\wamp64\\www\\coding-blog\\app\\Controller\\SecurityController.php(40): App\\Controller\\BaseController->render('security/regist...', Array)
#16 C:\\wamp64\\www\\coding-blog\\app\\Core\\Router.php(99): App\\Controller\\SecurityController->register()
#17 C:\\wamp64\\www\\coding-blog\\app\\Core\\Router.php(58): App\\Core\\Router->dispatch('/register')
#18 C:\\wamp64\\www\\coding-blog\\public\\index.php(69): App\\Core\\Router->handleRequest()
#19 {main}"} 
