[2025-09-04T15:10:11+00:00] error.ERROR: Uncaught exception {"message":"Unable to find template \"templates/partials/_flash.html.twig\" (looked into: C:\\wamp64\\www\\coding-blog\\app/Views) in \"security/resend-confirmation.html.twig\" at line 9.","file":"C:\\wamp64\\www\\coding-blog\\app\\Views\\security\\resend-confirmation.html.twig","line":9,"trace":"#0 C:\\wamp64\\www\\coding-blog\\vendor\\twig\\twig\\src\\Loader\\FilesystemLoader.php(138): Twig\\Loader\\FilesystemLoader->findTemplate('templates/parti...')
#1 C:\\wamp64\\www\\coding-blog\\vendor\\twig\\twig\\src\\Environment.php(317): Twig\\Loader\\FilesystemLoader->getCacheKey('templates/parti...')
#2 C:\\wamp64\\www\\coding-blog\\vendor\\twig\\twig\\src\\Template.php(290): Twig\\Environment->getTemplateClass('templates/parti...')
#3 C:\\wamp64\\www\\coding-blog\\vendor\\twig\\twig\\src\\Environment.php(420) : eval()'d code(75): Twig\\Template->load('templates/parti...', 9)
#4 C:\\wamp64\\www\\coding-blog\\vendor\\twig\\twig\\src\\Template.php(446): __TwigTemplate_094878fe38ed195f1ff49d4c97a32784->block_content(Array, Array)
#5 C:\\wamp64\\www\\coding-blog\\vendor\\twig\\twig\\src\\Environment.php(420) : eval()'d code(64): Twig\\Template->yieldBlock('content', Array, Array)
#6 C:\\wamp64\\www\\coding-blog\\vendor\\twig\\twig\\src\\Template.php(402): __TwigTemplate_5a104e065b3fc11d10d2e86ab3b0af0b->doDisplay(Array, Array)
#7 C:\\wamp64\\www\\coding-blog\\vendor\\twig\\twig\\src\\Environment.php(420) : eval()'d code(48): Twig\\Template->yield(Array, Array)
#8 C:\\wamp64\\www\\coding-blog\\vendor\\twig\\twig\\src\\Template.php(402): __TwigTemplate_094878fe38ed195f1ff49d4c97a32784->doDisplay(Array, Array)
#9 C:\\wamp64\\www\\coding-blog\\vendor\\twig\\twig\\src\\Template.php(358): Twig\\Template->yield(Array, Array)
#10 C:\\wamp64\\www\\coding-blog\\vendor\\twig\\twig\\src\\Template.php(373): Twig\\Template->display(Array)
#11 C:\\wamp64\\www\\coding-blog\\vendor\\twig\\twig\\src\\TemplateWrapper.php(51): Twig\\Template->render(Array)
#12 C:\\wamp64\\www\\coding-blog\\vendor\\twig\\twig\\src\\Environment.php(333): Twig\\TemplateWrapper->render(Array)
#13 C:\\wamp64\\www\\coding-blog\\app\\Core\\View.php(52): Twig\\Environment->render('security/resend...', Array)
#14 C:\\wamp64\\www\\coding-blog\\app\\Controller\\BaseController.php(27): App\\Core\\View->render('security/resend...', Array)
#15 C:\\wamp64\\www\\coding-blog\\app\\Controller\\SecurityController.php(238): App\\Controller\\BaseController->render('security/resend...', Array)
#16 C:\\wamp64\\www\\coding-blog\\app\\Core\\Router.php(99): App\\Controller\\SecurityController->resendConfirmation()
#17 C:\\wamp64\\www\\coding-blog\\app\\Core\\Router.php(58): App\\Core\\Router->dispatch('/resend-confirm...')
#18 C:\\wamp64\\www\\coding-blog\\public\\index.php(69): App\\Core\\Router->handleRequest()
#19 {main}"} 
[2025-09-04T15:11:16+00:00] error.ERROR: Uncaught exception {"message":"Unable to find template \"templates/partials/flash-messages.html.twig\" (looked into: C:\\wamp64\\www\\coding-blog\\app/Views) in \"security/resend-confirmation.html.twig\" at line 9.","file":"C:\\wamp64\\www\\coding-blog\\app\\Views\\security\\resend-confirmation.html.twig","line":9,"trace":"#0 C:\\wamp64\\www\\coding-blog\\vendor\\twig\\twig\\src\\Loader\\FilesystemLoader.php(138): Twig\\Loader\\FilesystemLoader->findTemplate('templates/parti...')
#1 C:\\wamp64\\www\\coding-blog\\vendor\\twig\\twig\\src\\Environment.php(317): Twig\\Loader\\FilesystemLoader->getCacheKey('templates/parti...')
#2 C:\\wamp64\\www\\coding-blog\\vendor\\twig\\twig\\src\\Template.php(290): Twig\\Environment->getTemplateClass('templates/parti...')
#3 C:\\wamp64\\www\\coding-blog\\vendor\\twig\\twig\\src\\Environment.php(420) : eval()'d code(75): Twig\\Template->load('templates/parti...', 9)
#4 C:\\wamp64\\www\\coding-blog\\vendor\\twig\\twig\\src\\Template.php(446): __TwigTemplate_094878fe38ed195f1ff49d4c97a32784->block_content(Array, Array)
#5 C:\\wamp64\\www\\coding-blog\\vendor\\twig\\twig\\src\\Environment.php(420) : eval()'d code(64): Twig\\Template->yieldBlock('content', Array, Array)
#6 C:\\wamp64\\www\\coding-blog\\vendor\\twig\\twig\\src\\Template.php(402): __TwigTemplate_5a104e065b3fc11d10d2e86ab3b0af0b->doDisplay(Array, Array)
#7 C:\\wamp64\\www\\coding-blog\\vendor\\twig\\twig\\src\\Environment.php(420) : eval()'d code(48): Twig\\Template->yield(Array, Array)
#8 C:\\wamp64\\www\\coding-blog\\vendor\\twig\\twig\\src\\Template.php(402): __TwigTemplate_094878fe38ed195f1ff49d4c97a32784->doDisplay(Array, Array)
#9 C:\\wamp64\\www\\coding-blog\\vendor\\twig\\twig\\src\\Template.php(358): Twig\\Template->yield(Array, Array)
#10 C:\\wamp64\\www\\coding-blog\\vendor\\twig\\twig\\src\\Template.php(373): Twig\\Template->display(Array)
#11 C:\\wamp64\\www\\coding-blog\\vendor\\twig\\twig\\src\\TemplateWrapper.php(51): Twig\\Template->render(Array)
#12 C:\\wamp64\\www\\coding-blog\\vendor\\twig\\twig\\src\\Environment.php(333): Twig\\TemplateWrapper->render(Array)
#13 C:\\wamp64\\www\\coding-blog\\app\\Core\\View.php(52): Twig\\Environment->render('security/resend...', Array)
#14 C:\\wamp64\\www\\coding-blog\\app\\Controller\\BaseController.php(27): App\\Core\\View->render('security/resend...', Array)
#15 C:\\wamp64\\www\\coding-blog\\app\\Controller\\SecurityController.php(238): App\\Controller\\BaseController->render('security/resend...', Array)
#16 C:\\wamp64\\www\\coding-blog\\app\\Core\\Router.php(99): App\\Controller\\SecurityController->resendConfirmation()
#17 C:\\wamp64\\www\\coding-blog\\app\\Core\\Router.php(58): App\\Core\\Router->dispatch('/resend-confirm...')
#18 C:\\wamp64\\www\\coding-blog\\public\\index.php(69): App\\Core\\Router->handleRequest()
#19 {main}"} 
[2025-09-04T16:35:31+00:00] error.CRITICAL: Fatal error detected {"message":"Access level to App\\Controller\\SecurityController::$flash must be protected (as in class App\\Controller\\BaseController) or weaker","file":"C:\\wamp64\\www\\coding-blog\\app\\Controller\\SecurityController.php","line":0} 
[2025-09-04T16:50:04+00:00] error.ERROR: Uncaught exception {"message":"Cannot create service 'App\\Controller\\SecurityController': App\\Controller\\SecurityController::__construct(): Argument #4 ($csrf) must be of type App\\Security\\CsrfTokenManager, App\\Core\\FlashService given, called in C:\\wamp64\\www\\coding-blog\\app\\Core\\Container\\Provider\\ControllerServiceProvider.php on line 37","file":"C:\\wamp64\\www\\coding-blog\\app\\Core\\Container\\AppContainer.php","line":50,"trace":"#0 C:\\wamp64\\www\\coding-blog\\app\\Core\\PsrControllerFactory.php(13): App\\Core\\Container\\AppContainer->get('App\\\\Controller\\\\...')
#1 C:\\wamp64\\www\\coding-blog\\app\\Core\\Router.php(97): App\\Core\\PsrControllerFactory->create('App\\\\Controller\\\\...')
#2 C:\\wamp64\\www\\coding-blog\\app\\Core\\Router.php(58): App\\Core\\Router->dispatch('/confirm-accoun...')
#3 C:\\wamp64\\www\\coding-blog\\public\\index.php(69): App\\Core\\Router->handleRequest()
#4 {main}"} 
[2025-09-04T16:50:14+00:00] error.ERROR: Uncaught exception {"message":"Cannot create service 'App\\Controller\\SecurityController': App\\Controller\\SecurityController::__construct(): Argument #4 ($csrf) must be of type App\\Security\\CsrfTokenManager, App\\Core\\FlashService given, called in C:\\wamp64\\www\\coding-blog\\app\\Core\\Container\\Provider\\ControllerServiceProvider.php on line 37","file":"C:\\wamp64\\www\\coding-blog\\app\\Core\\Container\\AppContainer.php","line":50,"trace":"#0 C:\\wamp64\\www\\coding-blog\\app\\Core\\PsrControllerFactory.php(13): App\\Core\\Container\\AppContainer->get('App\\\\Controller\\\\...')
#1 C:\\wamp64\\www\\coding-blog\\app\\Core\\Router.php(97): App\\Core\\PsrControllerFactory->create('App\\\\Controller\\\\...')
#2 C:\\wamp64\\www\\coding-blog\\app\\Core\\Router.php(58): App\\Core\\Router->dispatch('/confirm-accoun...')
#3 C:\\wamp64\\www\\coding-blog\\public\\index.php(69): App\\Core\\Router->handleRequest()
#4 {main}"} 
[2025-09-04T16:51:13+00:00] error.ERROR: Uncaught exception {"message":"Cannot create service 'App\\Controller\\SecurityController': App\\Controller\\SecurityController::__construct(): Argument #4 ($csrf) must be of type App\\Security\\CsrfTokenManager, App\\Core\\FlashService given, called in C:\\wamp64\\www\\coding-blog\\app\\Core\\Container\\Provider\\ControllerServiceProvider.php on line 37","file":"C:\\wamp64\\www\\coding-blog\\app\\Core\\Container\\AppContainer.php","line":50,"trace":"#0 C:\\wamp64\\www\\coding-blog\\app\\Core\\PsrControllerFactory.php(13): App\\Core\\Container\\AppContainer->get('App\\\\Controller\\\\...')
#1 C:\\wamp64\\www\\coding-blog\\app\\Core\\Router.php(97): App\\Core\\PsrControllerFactory->create('App\\\\Controller\\\\...')
#2 C:\\wamp64\\www\\coding-blog\\app\\Core\\Router.php(58): App\\Core\\Router->dispatch('/confirm-accoun...')
#3 C:\\wamp64\\www\\coding-blog\\public\\index.php(69): App\\Core\\Router->handleRequest()
#4 {main}"} 
[2025-09-04T16:56:11+00:00] error.ERROR: Uncaught exception {"message":"Typed property App\\Controller\\BaseController::$flash must not be accessed before initialization","file":"C:\\wamp64\\www\\coding-blog\\app\\Controller\\SecurityController.php","line":196,"trace":"#0 C:\\wamp64\\www\\coding-blog\\app\\Core\\Router.php(99): App\\Controller\\SecurityController->confirmAccount()
#1 C:\\wamp64\\www\\coding-blog\\app\\Core\\Router.php(58): App\\Core\\Router->dispatch('/confirm-accoun...')
#2 C:\\wamp64\\www\\coding-blog\\public\\index.php(69): App\\Core\\Router->handleRequest()
#3 {main}"} 
[2025-09-04T17:37:04+00:00] error.ERROR: Uncaught exception {"message":"Cannot create service 'App\\Controller\\ErrorController': Too few arguments to function App\\Controller\\BaseController::__construct(), 1 passed in C:\\wamp64\\www\\coding-blog\\app\\Core\\Container\\Provider\\ControllerServiceProvider.php on line 32 and exactly 2 expected","file":"C:\\wamp64\\www\\coding-blog\\app\\Core\\Container\\AppContainer.php","line":50,"trace":"#0 C:\\wamp64\\www\\coding-blog\\public\\index.php(63): App\\Core\\Container\\AppContainer->get('App\\\\Controller\\\\...')
#1 {main}"} 
[2025-09-04T17:39:26+00:00] error.ERROR: Uncaught exception {"message":"Cannot create service 'App\\Controller\\ErrorController': Too few arguments to function App\\Controller\\BaseController::__construct(), 1 passed in C:\\wamp64\\www\\coding-blog\\app\\Core\\Container\\Provider\\ControllerServiceProvider.php on line 32 and exactly 2 expected","file":"C:\\wamp64\\www\\coding-blog\\app\\Core\\Container\\AppContainer.php","line":50,"trace":"#0 C:\\wamp64\\www\\coding-blog\\public\\index.php(63): App\\Core\\Container\\AppContainer->get('App\\\\Controller\\\\...')
#1 {main}"} 
[2025-09-04T17:44:58+00:00] error.ERROR: Uncaught exception {"message":"Cannot create service 'App\\Controller\\ErrorController': Too few arguments to function App\\Controller\\BaseController::__construct(), 1 passed in C:\\wamp64\\www\\coding-blog\\app\\Core\\Container\\Provider\\ControllerServiceProvider.php on line 32 and exactly 2 expected","file":"C:\\wamp64\\www\\coding-blog\\app\\Core\\Container\\AppContainer.php","line":50,"trace":"#0 C:\\wamp64\\www\\coding-blog\\public\\index.php(63): App\\Core\\Container\\AppContainer->get('App\\\\Controller\\\\...')
#1 {main}"} 
