[2025-09-03T16:59:32+00:00] error.ERROR: Uncaught exception {"message":"Unexpected end of template in \"security/resend-confirmation.html.twig\" at line 20.","file":"C:\\wamp64\\www\\coding-blog\\app\\Views\\security\\resend-confirmation.html.twig","line":20,"trace":"#0 C:\\wamp64\\www\\coding-blog\\vendor\\twig\\twig\\src\\TokenParser\\IfTokenParser.php(48): Twig\\TokenStream->next()
#1 C:\\wamp64\\www\\coding-blog\\vendor\\twig\\twig\\src\\Parser.php(218): Twig\\TokenParser\\IfTokenParser->parse(Object(Twig\\Token))
#2 C:\\wamp64\\www\\coding-blog\\vendor\\twig\\twig\\src\\TokenParser\\BlockTokenParser.php(46): Twig\\Parser->subparse(Array, true)
#3 C:\\wamp64\\www\\coding-blog\\vendor\\twig\\twig\\src\\Parser.php(218): Twig\\TokenParser\\BlockTokenParser->parse(Object(Twig\\Token))
#4 C:\\wamp64\\www\\coding-blog\\vendor\\twig\\twig\\src\\Parser.php(101): Twig\\Parser->subparse(NULL, false)
#5 C:\\wamp64\\www\\coding-blog\\vendor\\twig\\twig\\src\\Environment.php(558): Twig\\Parser->parse(Object(Twig\\TokenStream))
#6 C:\\wamp64\\www\\coding-blog\\vendor\\twig\\twig\\src\\Environment.php(589): Twig\\Environment->parse(Object(Twig\\TokenStream))
#7 C:\\wamp64\\www\\coding-blog\\vendor\\twig\\twig\\src\\Environment.php(408): Twig\\Environment->compileSource(Object(Twig\\Source))
#8 C:\\wamp64\\www\\coding-blog\\vendor\\twig\\twig\\src\\Environment.php(370): Twig\\Environment->loadTemplate('__TwigTemplate_...', 'security/resend...')
#9 C:\\wamp64\\www\\coding-blog\\vendor\\twig\\twig\\src\\Environment.php(333): Twig\\Environment->load('security/resend...')
#10 C:\\wamp64\\www\\coding-blog\\app\\Core\\View.php(52): Twig\\Environment->render('security/resend...', Array)
#11 C:\\wamp64\\www\\coding-blog\\app\\Controller\\BaseController.php(27): App\\Core\\View->render('security/resend...', Array)
#12 C:\\wamp64\\www\\coding-blog\\app\\Controller\\SecurityController.php(227): App\\Controller\\BaseController->render('security/resend...', Array)
#13 C:\\wamp64\\www\\coding-blog\\app\\Core\\Router.php(99): App\\Controller\\SecurityController->resendConfirmation()
#14 C:\\wamp64\\www\\coding-blog\\app\\Core\\Router.php(58): App\\Core\\Router->dispatch('/resend-confirm...')
#15 C:\\wamp64\\www\\coding-blog\\public\\index.php(69): App\\Core\\Router->handleRequest()
#16 {main}"} 
[2025-09-03T17:05:54+00:00] error.ERROR: Uncaught exception {"message":"Unexpected end of template in \"security/resend-confirmation.html.twig\" at line 20.","file":"C:\\wamp64\\www\\coding-blog\\app\\Views\\security\\resend-confirmation.html.twig","line":20,"trace":"#0 C:\\wamp64\\www\\coding-blog\\vendor\\twig\\twig\\src\\TokenParser\\IfTokenParser.php(48): Twig\\TokenStream->next()
#1 C:\\wamp64\\www\\coding-blog\\vendor\\twig\\twig\\src\\Parser.php(218): Twig\\TokenParser\\IfTokenParser->parse(Object(Twig\\Token))
#2 C:\\wamp64\\www\\coding-blog\\vendor\\twig\\twig\\src\\TokenParser\\BlockTokenParser.php(46): Twig\\Parser->subparse(Array, true)
#3 C:\\wamp64\\www\\coding-blog\\vendor\\twig\\twig\\src\\Parser.php(218): Twig\\TokenParser\\BlockTokenParser->parse(Object(Twig\\Token))
#4 C:\\wamp64\\www\\coding-blog\\vendor\\twig\\twig\\src\\Parser.php(101): Twig\\Parser->subparse(NULL, false)
#5 C:\\wamp64\\www\\coding-blog\\vendor\\twig\\twig\\src\\Environment.php(558): Twig\\Parser->parse(Object(Twig\\TokenStream))
#6 C:\\wamp64\\www\\coding-blog\\vendor\\twig\\twig\\src\\Environment.php(589): Twig\\Environment->parse(Object(Twig\\TokenStream))
#7 C:\\wamp64\\www\\coding-blog\\vendor\\twig\\twig\\src\\Environment.php(408): Twig\\Environment->compileSource(Object(Twig\\Source))
#8 C:\\wamp64\\www\\coding-blog\\vendor\\twig\\twig\\src\\Environment.php(370): Twig\\Environment->loadTemplate('__TwigTemplate_...', 'security/resend...')
#9 C:\\wamp64\\www\\coding-blog\\vendor\\twig\\twig\\src\\Environment.php(333): Twig\\Environment->load('security/resend...')
#10 C:\\wamp64\\www\\coding-blog\\app\\Core\\View.php(52): Twig\\Environment->render('security/resend...', Array)
#11 C:\\wamp64\\www\\coding-blog\\app\\Controller\\BaseController.php(27): App\\Core\\View->render('security/resend...', Array)
#12 C:\\wamp64\\www\\coding-blog\\app\\Controller\\SecurityController.php(227): App\\Controller\\BaseController->render('security/resend...', Array)
#13 C:\\wamp64\\www\\coding-blog\\app\\Core\\Router.php(99): App\\Controller\\SecurityController->resendConfirmation()
#14 C:\\wamp64\\www\\coding-blog\\app\\Core\\Router.php(58): App\\Core\\Router->dispatch('/resend-confirm...')
#15 C:\\wamp64\\www\\coding-blog\\public\\index.php(69): App\\Core\\Router->handleRequest()
#16 {main}"} 
